{"/Users/alexweb/www/Yandex/projects/top-name-game-repo/packages/client/mocks/fileMock.js": {"path":"/Users/alexweb/www/Yandex/projects/top-name-game-repo/packages/client/mocks/fileMock.js","statementMap":{},"fnMap":{},"branchMap":{},"s":{},"f":{},"b":{},"inputSourceMap":null,"_coverageSchema":"1a1c01bbd47fc00a2c39e90264f33305004495a9","hash":"6c9172a339fb9833af7f912bd86b083118c68eb9"}
,"/Users/alexweb/www/Yandex/projects/top-name-game-repo/packages/client/src/App.tsx": {"path":"/Users/alexweb/www/Yandex/projects/top-name-game-repo/packages/client/src/App.tsx","statementMap":{"0":{"start":{"line":1,"column":0},"end":{"line":1,"column":38}},"1":{"start":{"line":2,"column":0},"end":{"line":2,"column":58}},"2":{"start":{"line":3,"column":0},"end":{"line":3,"column":52}},"3":{"start":{"line":4,"column":0},"end":{"line":4,"column":33}},"4":{"start":{"line":5,"column":0},"end":{"line":5,"column":62}},"5":{"start":{"line":6,"column":0},"end":{"line":6,"column":45}},"6":{"start":{"line":7,"column":0},"end":{"line":7,"column":58}},"7":{"start":{"line":8,"column":0},"end":{"line":8,"column":54}},"8":{"start":{"line":9,"column":0},"end":{"line":9,"column":38}},"9":{"start":{"line":10,"column":0},"end":{"line":10,"column":73}},"10":{"start":{"line":11,"column":0},"end":{"line":11,"column":37}},"11":{"start":{"line":13,"column":14},"end":{"line":13,"column":27}},"12":{"start":{"line":14,"column":20},"end":{"line":14,"column":37}},"13":{"start":{"line":15,"column":14},"end":{"line":15,"column":26}},"14":{"start":{"line":18,"column":2},"end":{"line":20,"column":null}},"15":{"start":{"line":19,"column":4},"end":{"line":19,"column":null}},"16":{"start":{"line":22,"column":2},"end":{"line":36,"column":null}},"17":{"start":{"line":39,"column":0},"end":{"line":39,"column":null}}},"fnMap":{"0":{"name":"App","decl":{"start":{"line":17,"column":9},"end":{"line":17,"column":12}},"loc":{"start":{"line":17,"column":12},"end":{"line":37,"column":1}}},"1":{"name":"(anonymous_1)","decl":{"start":{"line":18,"column":12},"end":{"line":18,"column":15}},"loc":{"start":{"line":18,"column":17},"end":{"line":20,"column":3}}}},"branchMap":{},"s":{"0":1,"1":1,"2":1,"3":1,"4":1,"5":1,"6":1,"7":1,"8":1,"9":1,"10":1,"11":1,"12":1,"13":1,"14":1,"15":0,"16":1,"17":1},"f":{"0":1,"1":0},"b":{}}
,"/Users/alexweb/www/Yandex/projects/top-name-game-repo/packages/client/src/ProtectedRoutes.tsx": {"path":"/Users/alexweb/www/Yandex/projects/top-name-game-repo/packages/client/src/ProtectedRoutes.tsx","statementMap":{"0":{"start":{"line":1,"column":0},"end":{"line":1,"column":64}},"1":{"start":{"line":2,"column":0},"end":{"line":2,"column":47}},"2":{"start":{"line":3,"column":0},"end":{"line":3,"column":36}},"3":{"start":{"line":4,"column":0},"end":{"line":4,"column":54}},"4":{"start":{"line":6,"column":31},"end":{"line":23,"column":1}},"5":{"start":{"line":7,"column":15},"end":{"line":7,"column":24}},"6":{"start":{"line":8,"column":19},"end":{"line":8,"column":32}},"7":{"start":{"line":10,"column":2},"end":{"line":12,"column":null}},"8":{"start":{"line":11,"column":4},"end":{"line":11,"column":null}},"9":{"start":{"line":14,"column":2},"end":{"line":20,"column":null}},"10":{"start":{"line":19,"column":4},"end":{"line":19,"column":null}},"11":{"start":{"line":22,"column":2},"end":{"line":22,"column":null}},"12":{"start":{"line":6,"column":13},"end":{"line":6,"column":31}}},"fnMap":{"0":{"name":"(anonymous_0)","decl":{"start":{"line":6,"column":31},"end":{"line":6,"column":34}},"loc":{"start":{"line":6,"column":36},"end":{"line":23,"column":1}}}},"branchMap":{"0":{"loc":{"start":{"line":10,"column":2},"end":{"line":12,"column":null}},"type":"if","locations":[{"start":{"line":10,"column":2},"end":{"line":12,"column":null}}]},"1":{"loc":{"start":{"line":14,"column":2},"end":{"line":20,"column":null}},"type":"if","locations":[{"start":{"line":14,"column":2},"end":{"line":20,"column":null}}]}},"s":{"0":1,"1":1,"2":1,"3":1,"4":1,"5":0,"6":0,"7":0,"8":0,"9":0,"10":0,"11":0,"12":1},"f":{"0":0},"b":{"0":[0],"1":[0]}}
,"/Users/alexweb/www/Yandex/projects/top-name-game-repo/packages/client/src/PublicRoutes.tsx": {"path":"/Users/alexweb/www/Yandex/projects/top-name-game-repo/packages/client/src/PublicRoutes.tsx","statementMap":{"0":{"start":{"line":1,"column":0},"end":{"line":1,"column":51}},"1":{"start":{"line":2,"column":0},"end":{"line":2,"column":47}},"2":{"start":{"line":3,"column":0},"end":{"line":3,"column":36}},"3":{"start":{"line":4,"column":0},"end":{"line":4,"column":54}},"4":{"start":{"line":6,"column":28},"end":{"line":18,"column":1}},"5":{"start":{"line":7,"column":15},"end":{"line":7,"column":24}},"6":{"start":{"line":9,"column":2},"end":{"line":11,"column":null}},"7":{"start":{"line":10,"column":4},"end":{"line":10,"column":null}},"8":{"start":{"line":13,"column":2},"end":{"line":15,"column":null}},"9":{"start":{"line":14,"column":4},"end":{"line":14,"column":null}},"10":{"start":{"line":17,"column":2},"end":{"line":17,"column":null}},"11":{"start":{"line":6,"column":13},"end":{"line":6,"column":28}}},"fnMap":{"0":{"name":"(anonymous_0)","decl":{"start":{"line":6,"column":28},"end":{"line":6,"column":31}},"loc":{"start":{"line":6,"column":33},"end":{"line":18,"column":1}}}},"branchMap":{"0":{"loc":{"start":{"line":9,"column":2},"end":{"line":11,"column":null}},"type":"if","locations":[{"start":{"line":9,"column":2},"end":{"line":11,"column":null}}]},"1":{"loc":{"start":{"line":13,"column":2},"end":{"line":15,"column":null}},"type":"if","locations":[{"start":{"line":13,"column":2},"end":{"line":15,"column":null}}]}},"s":{"0":1,"1":1,"2":1,"3":1,"4":1,"5":0,"6":0,"7":0,"8":0,"9":0,"10":0,"11":1},"f":{"0":0},"b":{"0":[0],"1":[0]}}
,"/Users/alexweb/www/Yandex/projects/top-name-game-repo/packages/client/src/Router.tsx": {"path":"/Users/alexweb/www/Yandex/projects/top-name-game-repo/packages/client/src/Router.tsx","statementMap":{"0":{"start":{"line":1,"column":0},"end":{"line":1,"column":48}},"1":{"start":{"line":2,"column":0},"end":{"line":2,"column":51}},"2":{"start":{"line":3,"column":0},"end":{"line":3,"column":45}},"3":{"start":{"line":4,"column":0},"end":{"line":4,"column":36}},"4":{"start":{"line":5,"column":0},"end":{"line":5,"column":32}},"5":{"start":{"line":7,"column":22},"end":{"line":23,"column":1}},"6":{"start":{"line":8,"column":2},"end":{"line":22,"column":null}},"7":{"start":{"line":7,"column":13},"end":{"line":7,"column":22}}},"fnMap":{"0":{"name":"(anonymous_0)","decl":{"start":{"line":7,"column":22},"end":{"line":7,"column":25}},"loc":{"start":{"line":7,"column":27},"end":{"line":23,"column":1}}}},"branchMap":{},"s":{"0":1,"1":1,"2":1,"3":1,"4":1,"5":1,"6":1,"7":1},"f":{"0":1},"b":{}}
,"/Users/alexweb/www/Yandex/projects/top-name-game-repo/packages/client/src/serviceWorkersRegistration.ts": {"path":"/Users/alexweb/www/Yandex/projects/top-name-game-repo/packages/client/src/serviceWorkersRegistration.ts","statementMap":{"0":{"start":{"line":1,"column":42},"end":{"line":17,"column":1}},"1":{"start":{"line":2,"column":2},"end":{"line":16,"column":null}},"2":{"start":{"line":3,"column":4},"end":{"line":15,"column":null}},"3":{"start":{"line":4,"column":6},"end":{"line":14,"column":null}},"4":{"start":{"line":7,"column":10},"end":{"line":10,"column":null}},"5":{"start":{"line":13,"column":10},"end":{"line":13,"column":null}},"6":{"start":{"line":1,"column":13},"end":{"line":1,"column":42}}},"fnMap":{"0":{"name":"(anonymous_0)","decl":{"start":{"line":1,"column":42},"end":{"line":1,"column":45}},"loc":{"start":{"line":1,"column":47},"end":{"line":17,"column":1}}},"1":{"name":"(anonymous_1)","decl":{"start":{"line":3,"column":36},"end":{"line":3,"column":39}},"loc":{"start":{"line":3,"column":41},"end":{"line":15,"column":5}}},"2":{"name":"(anonymous_2)","decl":{"start":{"line":6,"column":14},"end":{"line":6,"column":26}},"loc":{"start":{"line":6,"column":29},"end":{"line":11,"column":9}}},"3":{"name":"(anonymous_3)","decl":{"start":{"line":12,"column":15},"end":{"line":12,"column":16}},"loc":{"start":{"line":12,"column":33},"end":{"line":14,"column":9}}}},"branchMap":{"0":{"loc":{"start":{"line":2,"column":2},"end":{"line":16,"column":null}},"type":"if","locations":[{"start":{"line":2,"column":2},"end":{"line":16,"column":null}}]},"1":{"loc":{"start":{"line":2,"column":6},"end":{"line":2,"column":71}},"type":"binary-expr","locations":[{"start":{"line":2,"column":6},"end":{"line":2,"column":39}},{"start":{"line":2,"column":43},"end":{"line":2,"column":71}}]}},"s":{"0":1,"1":0,"2":0,"3":0,"4":0,"5":0,"6":1},"f":{"0":0,"1":0,"2":0,"3":0},"b":{"0":[0],"1":[0,0]}}
,"/Users/alexweb/www/Yandex/projects/top-name-game-repo/packages/client/src/api/AuthApi.ts": {"path":"/Users/alexweb/www/Yandex/projects/top-name-game-repo/packages/client/src/api/AuthApi.ts","statementMap":{"0":{"start":{"line":1,"column":0},"end":{"line":1,"column":27}},"1":{"start":{"line":6,"column":18},"end":{"line":7,"column":63}},"2":{"start":{"line":7,"column":4},"end":{"line":7,"column":63}},"3":{"start":{"line":10,"column":4},"end":{"line":10,"column":null}},"4":{"start":{"line":14,"column":4},"end":{"line":14,"column":null}},"5":{"start":{"line":18,"column":4},"end":{"line":18,"column":null}},"6":{"start":{"line":5,"column":0},"end":{"line":5,"column":13}}},"fnMap":{"0":{"name":"(anonymous_0)","decl":{"start":{"line":6,"column":18},"end":{"line":6,"column":19}},"loc":{"start":{"line":7,"column":4},"end":{"line":7,"column":63}}},"1":{"name":"(anonymous_1)","decl":{"start":{"line":9,"column":2},"end":{"line":9,"column":8}},"loc":{"start":{"line":9,"column":32},"end":{"line":11,"column":3}}},"2":{"name":"(anonymous_2)","decl":{"start":{"line":13,"column":2},"end":{"line":13,"column":8}},"loc":{"start":{"line":13,"column":13},"end":{"line":15,"column":3}}},"3":{"name":"(anonymous_3)","decl":{"start":{"line":17,"column":2},"end":{"line":17,"column":8}},"loc":{"start":{"line":17,"column":15},"end":{"line":19,"column":3}}}},"branchMap":{},"s":{"0":8,"1":8,"2":0,"3":0,"4":0,"5":0,"6":8},"f":{"0":0,"1":0,"2":0,"3":0},"b":{}}
,"/Users/alexweb/www/Yandex/projects/top-name-game-repo/packages/client/src/api/GameApi.ts": {"path":"/Users/alexweb/www/Yandex/projects/top-name-game-repo/packages/client/src/api/GameApi.ts","statementMap":{"0":{"start":{"line":2,"column":0},"end":{"line":2,"column":32}},"1":{"start":{"line":5,"column":16},"end":{"line":5,"column":91}},"2":{"start":{"line":5,"column":34},"end":{"line":5,"column":91}},"3":{"start":{"line":4,"column":0},"end":{"line":4,"column":13}}},"fnMap":{"0":{"name":"(anonymous_0)","decl":{"start":{"line":5,"column":16},"end":{"line":5,"column":17}},"loc":{"start":{"line":5,"column":34},"end":{"line":5,"column":91}}}},"branchMap":{},"s":{"0":1,"1":1,"2":1,"3":1},"f":{"0":1},"b":{}}
,"/Users/alexweb/www/Yandex/projects/top-name-game-repo/packages/client/src/api/UsersAPI.ts": {"path":"/Users/alexweb/www/Yandex/projects/top-name-game-repo/packages/client/src/api/UsersAPI.ts","statementMap":{"0":{"start":{"line":1,"column":0},"end":{"line":1,"column":38}},"1":{"start":{"line":7,"column":29},"end":{"line":9,"column":3}},"2":{"start":{"line":8,"column":4},"end":{"line":8,"column":76}},"3":{"start":{"line":11,"column":28},"end":{"line":13,"column":3}},"4":{"start":{"line":12,"column":4},"end":{"line":12,"column":83}},"5":{"start":{"line":15,"column":30},"end":{"line":17,"column":3}},"6":{"start":{"line":16,"column":4},"end":{"line":16,"column":77}},"7":{"start":{"line":19,"column":23},"end":{"line":21,"column":3}},"8":{"start":{"line":20,"column":4},"end":{"line":20,"column":74}},"9":{"start":{"line":25,"column":0},"end":{"line":25,"column":24}}},"fnMap":{"0":{"name":"(anonymous_0)","decl":{"start":{"line":7,"column":29},"end":{"line":7,"column":34}},"loc":{"start":{"line":7,"column":61},"end":{"line":9,"column":3}}},"1":{"name":"(anonymous_1)","decl":{"start":{"line":11,"column":28},"end":{"line":11,"column":33}},"loc":{"start":{"line":11,"column":53},"end":{"line":13,"column":3}}},"2":{"name":"(anonymous_2)","decl":{"start":{"line":15,"column":30},"end":{"line":15,"column":35}},"loc":{"start":{"line":15,"column":63},"end":{"line":17,"column":3}}},"3":{"name":"(anonymous_3)","decl":{"start":{"line":19,"column":23},"end":{"line":19,"column":28}},"loc":{"start":{"line":19,"column":44},"end":{"line":21,"column":3}}}},"branchMap":{},"s":{"0":9,"1":9,"2":0,"3":9,"4":0,"5":9,"6":0,"7":9,"8":0,"9":9},"f":{"0":0,"1":0,"2":0,"3":0},"b":{}}
,"/Users/alexweb/www/Yandex/projects/top-name-game-repo/packages/client/src/api/api.ts": {"path":"/Users/alexweb/www/Yandex/projects/top-name-game-repo/packages/client/src/api/api.ts","statementMap":{"0":{"start":{"line":1,"column":0},"end":{"line":1,"column":44}},"1":{"start":{"line":3,"column":16},"end":{"line":3,"column":50}},"2":{"start":{"line":8,"column":20},"end":{"line":24,"column":1}},"3":{"start":{"line":9,"column":2},"end":{"line":21,"column":null}},"4":{"start":{"line":10,"column":4},"end":{"line":14,"column":null}},"5":{"start":{"line":15,"column":4},"end":{"line":20,"column":null}},"6":{"start":{"line":16,"column":6},"end":{"line":18,"column":null}},"7":{"start":{"line":17,"column":8},"end":{"line":17,"column":null}},"8":{"start":{"line":19,"column":6},"end":{"line":19,"column":null}},"9":{"start":{"line":23,"column":2},"end":{"line":23,"column":null}},"10":{"start":{"line":26,"column":25},"end":{"line":37,"column":1}},"11":{"start":{"line":27,"column":2},"end":{"line":34,"column":null}},"12":{"start":{"line":28,"column":4},"end":{"line":33,"column":null}},"13":{"start":{"line":36,"column":2},"end":{"line":36,"column":null}},"14":{"start":{"line":39,"column":13},"end":{"line":39,"column":null}},"15":{"start":{"line":40,"column":13},"end":{"line":40,"column":null}}},"fnMap":{"0":{"name":"(anonymous_0)","decl":{"start":{"line":8,"column":20},"end":{"line":8,"column":23}},"loc":{"start":{"line":8,"column":25},"end":{"line":24,"column":1}}},"1":{"name":"(anonymous_1)","decl":{"start":{"line":15,"column":50},"end":{"line":15,"column":55}},"loc":{"start":{"line":15,"column":58},"end":{"line":20,"column":5}}},"2":{"name":"(anonymous_2)","decl":{"start":{"line":26,"column":25},"end":{"line":26,"column":28}},"loc":{"start":{"line":26,"column":30},"end":{"line":37,"column":1}}}},"branchMap":{"0":{"loc":{"start":{"line":9,"column":2},"end":{"line":21,"column":null}},"type":"if","locations":[{"start":{"line":9,"column":2},"end":{"line":21,"column":null}}]},"1":{"loc":{"start":{"line":16,"column":6},"end":{"line":18,"column":null}},"type":"if","locations":[{"start":{"line":16,"column":6},"end":{"line":18,"column":null}}]},"2":{"loc":{"start":{"line":27,"column":2},"end":{"line":34,"column":null}},"type":"if","locations":[{"start":{"line":27,"column":2},"end":{"line":34,"column":null}}]}},"s":{"0":8,"1":8,"2":8,"3":8,"4":8,"5":8,"6":0,"7":0,"8":0,"9":8,"10":8,"11":8,"12":8,"13":8,"14":8,"15":8},"f":{"0":8,"1":0,"2":8},"b":{"0":[8],"1":[0],"2":[8]}}
,"/Users/alexweb/www/Yandex/projects/top-name-game-repo/packages/client/src/api/axiosInstance.ts": {"path":"/Users/alexweb/www/Yandex/projects/top-name-game-repo/packages/client/src/api/axiosInstance.ts","statementMap":{"0":{"start":{"line":1,"column":0},"end":{"line":1,"column":26}},"1":{"start":{"line":3,"column":16},"end":{"line":3,"column":50}},"2":{"start":{"line":5,"column":17},"end":{"line":9,"column":2}},"3":{"start":{"line":11,"column":0},"end":{"line":11,"column":24}}},"fnMap":{},"branchMap":{},"s":{"0":9,"1":9,"2":9,"3":9},"f":{},"b":{}}
,"/Users/alexweb/www/Yandex/projects/top-name-game-repo/packages/client/src/components/DefaultStub.tsx": {"path":"/Users/alexweb/www/Yandex/projects/top-name-game-repo/packages/client/src/components/DefaultStub.tsx","statementMap":{"0":{"start":{"line":2,"column":0},"end":{"line":2,"column":66}},"1":{"start":{"line":3,"column":0},"end":{"line":3,"column":53}},"2":{"start":{"line":4,"column":0},"end":{"line":4,"column":37}},"3":{"start":{"line":13,"column":27},"end":{"line":43,"column":1}},"4":{"start":{"line":19,"column":2},"end":{"line":42,"column":null}},"5":{"start":{"line":13,"column":13},"end":{"line":13,"column":27}}},"fnMap":{"0":{"name":"(anonymous_0)","decl":{"start":{"line":13,"column":27},"end":{"line":13,"column":28}},"loc":{"start":{"line":18,"column":12},"end":{"line":43,"column":1}}}},"branchMap":{"0":{"loc":{"start":{"line":14,"column":2},"end":{"line":14,"column":17}},"type":"default-arg","locations":[{"start":{"line":14,"column":10},"end":{"line":14,"column":17}}]},"1":{"loc":{"start":{"line":15,"column":2},"end":{"line":15,"column":41}},"type":"default-arg","locations":[{"start":{"line":15,"column":13},"end":{"line":15,"column":41}}]},"2":{"loc":{"start":{"line":30,"column":9},"end":{"line":30,"column":66}},"type":"binary-expr","locations":[{"start":{"line":30,"column":9},"end":{"line":30,"column":15}},{"start":{"line":30,"column":19},"end":{"line":30,"column":66}}]},"3":{"loc":{"start":{"line":31,"column":9},"end":{"line":38,"column":null}},"type":"binary-expr","locations":[{"start":{"line":31,"column":9},"end":{"line":31,"column":15}},{"start":{"line":32,"column":10},"end":{"line":36,"column":null}}]}},"s":{"0":1,"1":1,"2":1,"3":1,"4":0,"5":1},"f":{"0":0},"b":{"0":[0],"1":[0],"2":[0,0],"3":[0,0]}}
,"/Users/alexweb/www/Yandex/projects/top-name-game-repo/packages/client/src/components/ErrorBoundary.tsx": {"path":"/Users/alexweb/www/Yandex/projects/top-name-game-repo/packages/client/src/components/ErrorBoundary.tsx","statementMap":{"0":{"start":{"line":1,"column":0},"end":{"line":1,"column":51}},"1":{"start":{"line":10,"column":4},"end":{"line":10,"column":null}},"2":{"start":{"line":14,"column":4},"end":{"line":14,"column":null}},"3":{"start":{"line":15,"column":4},"end":{"line":15,"column":null}},"4":{"start":{"line":19,"column":4},"end":{"line":19,"column":null}},"5":{"start":{"line":23,"column":4},"end":{"line":25,"column":null}},"6":{"start":{"line":24,"column":6},"end":{"line":24,"column":null}},"7":{"start":{"line":29,"column":4},"end":{"line":33,"column":null}},"8":{"start":{"line":30,"column":6},"end":{"line":32,"column":null}},"9":{"start":{"line":34,"column":4},"end":{"line":34,"column":null}},"10":{"start":{"line":8,"column":0},"end":{"line":8,"column":13}}},"fnMap":{"0":{"name":"(anonymous_0)","decl":{"start":{"line":9,"column":2},"end":{"line":9,"column":8}},"loc":{"start":{"line":9,"column":45},"end":{"line":11,"column":3}}},"1":{"name":"(anonymous_1)","decl":{"start":{"line":13,"column":2},"end":{"line":13,"column":14}},"loc":{"start":{"line":13,"column":26},"end":{"line":16,"column":3}}},"2":{"name":"(anonymous_2)","decl":{"start":{"line":18,"column":2},"end":{"line":18,"column":19}},"loc":{"start":{"line":18,"column":47},"end":{"line":20,"column":3}}},"3":{"name":"(anonymous_3)","decl":{"start":{"line":22,"column":2},"end":{"line":22,"column":20}},"loc":{"start":{"line":22,"column":37},"end":{"line":26,"column":3}}},"4":{"name":"(anonymous_4)","decl":{"start":{"line":28,"column":2},"end":{"line":28,"column":8}},"loc":{"start":{"line":28,"column":8},"end":{"line":35,"column":3}}}},"branchMap":{"0":{"loc":{"start":{"line":23,"column":4},"end":{"line":25,"column":null}},"type":"if","locations":[{"start":{"line":23,"column":4},"end":{"line":25,"column":null}}]},"1":{"loc":{"start":{"line":29,"column":4},"end":{"line":33,"column":null}},"type":"if","locations":[{"start":{"line":29,"column":4},"end":{"line":33,"column":null}}]},"2":{"loc":{"start":{"line":30,"column":13},"end":{"line":32,"column":24}},"type":"cond-expr","locations":[{"start":{"line":31,"column":10},"end":{"line":31,"column":24}},{"start":{"line":32,"column":10},"end":{"line":32,"column":24}}]}},"s":{"0":1,"1":0,"2":1,"3":1,"4":0,"5":0,"6":0,"7":1,"8":0,"9":1,"10":1},"f":{"0":0,"1":1,"2":0,"3":0,"4":1},"b":{"0":[0],"1":[0],"2":[0,0]}}
,"/Users/alexweb/www/Yandex/projects/top-name-game-repo/packages/client/src/components/FormServerError.tsx": {"path":"/Users/alexweb/www/Yandex/projects/top-name-game-repo/packages/client/src/components/FormServerError.tsx","statementMap":{"0":{"start":{"line":2,"column":0},"end":{"line":2,"column":42}},"1":{"start":{"line":9,"column":2},"end":{"line":21,"column":null}},"2":{"start":{"line":8,"column":0},"end":{"line":8,"column":16}}},"fnMap":{"0":{"name":"FormServerError","decl":{"start":{"line":8,"column":16},"end":{"line":8,"column":31}},"loc":{"start":{"line":8,"column":50},"end":{"line":22,"column":1}}}},"branchMap":{},"s":{"0":1,"1":0,"2":1},"f":{"0":0},"b":{}}
,"/Users/alexweb/www/Yandex/projects/top-name-game-repo/packages/client/src/components/HeaderLinks.tsx": {"path":"/Users/alexweb/www/Yandex/projects/top-name-game-repo/packages/client/src/components/HeaderLinks.tsx","statementMap":{"0":{"start":{"line":2,"column":0},"end":{"line":2,"column":41}},"1":{"start":{"line":3,"column":0},"end":{"line":3,"column":39}},"2":{"start":{"line":4,"column":0},"end":{"line":4,"column":54}},"3":{"start":{"line":5,"column":0},"end":{"line":5,"column":37}},"4":{"start":{"line":7,"column":27},"end":{"line":26,"column":1}},"5":{"start":{"line":8,"column":21},"end":{"line":8,"column":57}},"6":{"start":{"line":9,"column":21},"end":{"line":9,"column":46}},"7":{"start":{"line":11,"column":2},"end":{"line":25,"column":null}},"8":{"start":{"line":7,"column":13},"end":{"line":7,"column":27}}},"fnMap":{"0":{"name":"(anonymous_0)","decl":{"start":{"line":7,"column":27},"end":{"line":7,"column":30}},"loc":{"start":{"line":7,"column":32},"end":{"line":26,"column":1}}}},"branchMap":{},"s":{"0":1,"1":1,"2":1,"3":1,"4":1,"5":0,"6":0,"7":0,"8":1},"f":{"0":0},"b":{}}
,"/Users/alexweb/www/Yandex/projects/top-name-game-repo/packages/client/src/components/LoadingStub.tsx": {"path":"/Users/alexweb/www/Yandex/projects/top-name-game-repo/packages/client/src/components/LoadingStub.tsx","statementMap":{"0":{"start":{"line":2,"column":0},"end":{"line":2,"column":64}},"1":{"start":{"line":4,"column":27},"end":{"line":18,"column":1}},"2":{"start":{"line":5,"column":2},"end":{"line":17,"column":null}},"3":{"start":{"line":4,"column":13},"end":{"line":4,"column":27}}},"fnMap":{"0":{"name":"(anonymous_0)","decl":{"start":{"line":4,"column":27},"end":{"line":4,"column":30}},"loc":{"start":{"line":4,"column":32},"end":{"line":18,"column":1}}}},"branchMap":{},"s":{"0":1,"1":1,"2":0,"3":1},"f":{"0":0},"b":{}}
,"/Users/alexweb/www/Yandex/projects/top-name-game-repo/packages/client/src/components/UserDropdown.tsx": {"path":"/Users/alexweb/www/Yandex/projects/top-name-game-repo/packages/client/src/components/UserDropdown.tsx","statementMap":{"0":{"start":{"line":1,"column":0},"end":{"line":1,"column":30}},"1":{"start":{"line":2,"column":0},"end":{"line":2,"column":null}},"2":{"start":{"line":13,"column":0},"end":{"line":13,"column":52}},"3":{"start":{"line":14,"column":0},"end":{"line":14,"column":39}},"4":{"start":{"line":15,"column":0},"end":{"line":15,"column":51}},"5":{"start":{"line":16,"column":0},"end":{"line":16,"column":47}},"6":{"start":{"line":17,"column":0},"end":{"line":17,"column":48}},"7":{"start":{"line":19,"column":28},"end":{"line":86,"column":1}},"8":{"start":{"line":20,"column":15},"end":{"line":20,"column":24}},"9":{"start":{"line":21,"column":35},"end":{"line":21,"column":82}},"10":{"start":{"line":21,"column":59},"end":{"line":21,"column":81}},"11":{"start":{"line":22,"column":42},"end":{"line":23,"column":null}},"12":{"start":{"line":26,"column":29},"end":{"line":28,"column":3}},"13":{"start":{"line":27,"column":4},"end":{"line":27,"column":null}},"14":{"start":{"line":30,"column":30},"end":{"line":32,"column":3}},"15":{"start":{"line":31,"column":4},"end":{"line":31,"column":null}},"16":{"start":{"line":34,"column":2},"end":{"line":85,"column":null}},"17":{"start":{"line":77,"column":33},"end":{"line":77,"column":53}},"18":{"start":{"line":19,"column":13},"end":{"line":19,"column":28}}},"fnMap":{"0":{"name":"(anonymous_0)","decl":{"start":{"line":19,"column":28},"end":{"line":19,"column":31}},"loc":{"start":{"line":19,"column":33},"end":{"line":86,"column":1}}},"1":{"name":"(anonymous_1)","decl":{"start":{"line":21,"column":50},"end":{"line":21,"column":55}},"loc":{"start":{"line":21,"column":59},"end":{"line":21,"column":81}}},"2":{"name":"(anonymous_2)","decl":{"start":{"line":26,"column":29},"end":{"line":26,"column":30}},"loc":{"start":{"line":26,"column":70},"end":{"line":28,"column":3}}},"3":{"name":"(anonymous_3)","decl":{"start":{"line":30,"column":30},"end":{"line":30,"column":33}},"loc":{"start":{"line":30,"column":35},"end":{"line":32,"column":3}}},"4":{"name":"(anonymous_4)","decl":{"start":{"line":77,"column":27},"end":{"line":77,"column":30}},"loc":{"start":{"line":77,"column":33},"end":{"line":77,"column":53}}}},"branchMap":{"0":{"loc":{"start":{"line":39,"column":17},"end":{"line":39,"column":44}},"type":"binary-expr","locations":[{"start":{"line":39,"column":17},"end":{"line":39,"column":29}},{"start":{"line":39,"column":33},"end":{"line":39,"column":44}}]},"1":{"loc":{"start":{"line":40,"column":17},"end":{"line":40,"column":44}},"type":"binary-expr","locations":[{"start":{"line":40,"column":17},"end":{"line":40,"column":38}},{"start":{"line":40,"column":42},"end":{"line":40,"column":44}}]}},"s":{"0":1,"1":1,"2":1,"3":1,"4":1,"5":1,"6":1,"7":1,"8":0,"9":0,"10":0,"11":0,"12":0,"13":0,"14":0,"15":0,"16":0,"17":0,"18":1},"f":{"0":0,"1":0,"2":0,"3":0,"4":0},"b":{"0":[0,0],"1":[0,0]}}
,"/Users/alexweb/www/Yandex/projects/top-name-game-repo/packages/client/src/components/game/constants.ts": {"path":"/Users/alexweb/www/Yandex/projects/top-name-game-repo/packages/client/src/components/game/constants.ts","statementMap":{"0":{"start":{"line":1,"column":13},"end":{"line":1,"column":27}},"1":{"start":{"line":2,"column":0},"end":{"line":2,"column":null}},"2":{"start":{"line":3,"column":2},"end":{"line":3,"column":null}},"3":{"start":{"line":4,"column":2},"end":{"line":4,"column":null}},"4":{"start":{"line":5,"column":2},"end":{"line":5,"column":null}},"5":{"start":{"line":6,"column":2},"end":{"line":6,"column":null}},"6":{"start":{"line":7,"column":2},"end":{"line":7,"column":null}},"7":{"start":{"line":8,"column":2},"end":{"line":8,"column":null}},"8":{"start":{"line":9,"column":2},"end":{"line":9,"column":null}},"9":{"start":{"line":10,"column":2},"end":{"line":10,"column":null}},"10":{"start":{"line":11,"column":2},"end":{"line":11,"column":null}},"11":{"start":{"line":14,"column":13},"end":{"line":14,"column":28}},"12":{"start":{"line":15,"column":0},"end":{"line":15,"column":null}},"13":{"start":{"line":16,"column":2},"end":{"line":16,"column":null}},"14":{"start":{"line":17,"column":2},"end":{"line":17,"column":null}},"15":{"start":{"line":19,"column":0},"end":{"line":19,"column":null}},"16":{"start":{"line":20,"column":2},"end":{"line":20,"column":null}},"17":{"start":{"line":21,"column":2},"end":{"line":21,"column":null}},"18":{"start":{"line":22,"column":2},"end":{"line":22,"column":null}},"19":{"start":{"line":23,"column":2},"end":{"line":23,"column":null}},"20":{"start":{"line":24,"column":2},"end":{"line":24,"column":null}},"21":{"start":{"line":25,"column":2},"end":{"line":25,"column":null}},"22":{"start":{"line":28,"column":0},"end":{"line":28,"column":null}},"23":{"start":{"line":29,"column":2},"end":{"line":29,"column":null}},"24":{"start":{"line":30,"column":2},"end":{"line":30,"column":null}},"25":{"start":{"line":31,"column":2},"end":{"line":31,"column":null}},"26":{"start":{"line":32,"column":2},"end":{"line":32,"column":null}},"27":{"start":{"line":33,"column":2},"end":{"line":33,"column":null}}},"fnMap":{"0":{"name":"(anonymous_0)","decl":{"start":{"line":2,"column":0},"end":{"line":2,"column":12}},"loc":{"start":{"line":2,"column":16},"end":{"line":12,"column":1}}},"1":{"name":"(anonymous_1)","decl":{"start":{"line":15,"column":0},"end":{"line":15,"column":12}},"loc":{"start":{"line":15,"column":23},"end":{"line":18,"column":1}}},"2":{"name":"(anonymous_2)","decl":{"start":{"line":19,"column":0},"end":{"line":19,"column":12}},"loc":{"start":{"line":19,"column":24},"end":{"line":26,"column":1}}},"3":{"name":"(anonymous_3)","decl":{"start":{"line":28,"column":0},"end":{"line":28,"column":12}},"loc":{"start":{"line":28,"column":26},"end":{"line":34,"column":1}}}},"branchMap":{"0":{"loc":{"start":{"line":2,"column":12},"end":{"line":2,"column":null}},"type":"binary-expr","locations":[{"start":{"line":2,"column":12},"end":{"line":2,"column":16}},{"start":{"line":2,"column":12},"end":{"line":2,"column":null}}]},"1":{"loc":{"start":{"line":15,"column":12},"end":{"line":15,"column":null}},"type":"binary-expr","locations":[{"start":{"line":15,"column":12},"end":{"line":15,"column":23}},{"start":{"line":15,"column":12},"end":{"line":15,"column":null}}]},"2":{"loc":{"start":{"line":19,"column":12},"end":{"line":19,"column":null}},"type":"binary-expr","locations":[{"start":{"line":19,"column":12},"end":{"line":19,"column":24}},{"start":{"line":19,"column":12},"end":{"line":19,"column":null}}]},"3":{"loc":{"start":{"line":28,"column":12},"end":{"line":28,"column":null}},"type":"binary-expr","locations":[{"start":{"line":28,"column":12},"end":{"line":28,"column":26}},{"start":{"line":28,"column":12},"end":{"line":28,"column":null}}]}},"s":{"0":1,"1":1,"2":1,"3":1,"4":1,"5":1,"6":1,"7":1,"8":1,"9":1,"10":1,"11":1,"12":1,"13":1,"14":1,"15":1,"16":1,"17":1,"18":1,"19":1,"20":1,"21":1,"22":1,"23":1,"24":1,"25":1,"26":1,"27":1},"f":{"0":1,"1":1,"2":1,"3":1},"b":{"0":[1,1],"1":[1,1],"2":[1,1],"3":[1,1]}}
,"/Users/alexweb/www/Yandex/projects/top-name-game-repo/packages/client/src/components/game/model/GameModel.ts": {"path":"/Users/alexweb/www/Yandex/projects/top-name-game-repo/packages/client/src/components/game/model/GameModel.ts","statementMap":{"0":{"start":{"line":1,"column":0},"end":{"line":1,"column":45}},"1":{"start":{"line":2,"column":0},"end":{"line":2,"column":47}},"2":{"start":{"line":3,"column":0},"end":{"line":3,"column":76}},"3":{"start":{"line":4,"column":0},"end":{"line":4,"column":30}},"4":{"start":{"line":6,"column":0},"end":{"line":6,"column":73}},"5":{"start":{"line":11,"column":19},"end":{"line":11,"column":24}},"6":{"start":{"line":13,"column":21},"end":{"line":13,"column":22}},"7":{"start":{"line":16,"column":20},"end":{"line":16,"column":21}},"8":{"start":{"line":21,"column":4},"end":{"line":21,"column":12}},"9":{"start":{"line":22,"column":4},"end":{"line":22,"column":31}},"10":{"start":{"line":25,"column":4},"end":{"line":28,"column":null}},"11":{"start":{"line":26,"column":6},"end":{"line":26,"column":25}},"12":{"start":{"line":27,"column":6},"end":{"line":27,"column":35}},"13":{"start":{"line":30,"column":4},"end":{"line":30,"column":35}},"14":{"start":{"line":31,"column":4},"end":{"line":49,"column":7}},"15":{"start":{"line":32,"column":19},"end":{"line":32,"column":67}},"16":{"start":{"line":33,"column":31},"end":{"line":33,"column":33}},"17":{"start":{"line":34,"column":21},"end":{"line":34,"column":35}},"18":{"start":{"line":35,"column":22},"end":{"line":47,"column":11}},"19":{"start":{"line":36,"column":18},"end":{"line":36,"column":24}},"20":{"start":{"line":37,"column":18},"end":{"line":37,"column":36}},"21":{"start":{"line":38,"column":8},"end":{"line":40,"column":null}},"22":{"start":{"line":39,"column":10},"end":{"line":39,"column":24}},"23":{"start":{"line":41,"column":8},"end":{"line":41,"column":88}},"24":{"start":{"line":42,"column":8},"end":{"line":45,"column":null}},"25":{"start":{"line":43,"column":10},"end":{"line":43,"column":34}},"26":{"start":{"line":44,"column":10},"end":{"line":44,"column":34}},"27":{"start":{"line":46,"column":8},"end":{"line":46,"column":53}},"28":{"start":{"line":48,"column":6},"end":{"line":48,"column":48}},"29":{"start":{"line":54,"column":4},"end":{"line":54,"column":23}},"30":{"start":{"line":55,"column":4},"end":{"line":55,"column":31}},"31":{"start":{"line":56,"column":4},"end":{"line":56,"column":27}},"32":{"start":{"line":57,"column":4},"end":{"line":59,"column":null}},"33":{"start":{"line":58,"column":6},"end":{"line":58,"column":28}},"34":{"start":{"line":63,"column":18},"end":{"line":63,"column":25}},"35":{"start":{"line":64,"column":16},"end":{"line":64,"column":27}},"36":{"start":{"line":65,"column":4},"end":{"line":70,"column":null}},"37":{"start":{"line":66,"column":6},"end":{"line":66,"column":24}},"38":{"start":{"line":67,"column":6},"end":{"line":67,"column":35}},"39":{"start":{"line":69,"column":6},"end":{"line":69,"column":67}},"40":{"start":{"line":74,"column":4},"end":{"line":76,"column":null}},"41":{"start":{"line":75,"column":6},"end":{"line":75,"column":28}},"42":{"start":{"line":77,"column":4},"end":{"line":77,"column":23}},"43":{"start":{"line":81,"column":4},"end":{"line":81,"column":66}},"44":{"start":{"line":82,"column":4},"end":{"line":82,"column":18}},"45":{"start":{"line":86,"column":4},"end":{"line":86,"column":34}},"46":{"start":{"line":90,"column":28},"end":{"line":90,"column":39}},"47":{"start":{"line":91,"column":15},"end":{"line":91,"column":41}},"48":{"start":{"line":92,"column":19},"end":{"line":92,"column":37}},"49":{"start":{"line":93,"column":4},"end":{"line":93,"column":12}},"50":{"start":{"line":94,"column":4},"end":{"line":94,"column":8}},"51":{"start":{"line":95,"column":4},"end":{"line":99,"column":null}},"52":{"start":{"line":96,"column":6},"end":{"line":96,"column":47}},"53":{"start":{"line":97,"column":6},"end":{"line":97,"column":36}},"54":{"start":{"line":98,"column":6},"end":{"line":98,"column":null}},"55":{"start":{"line":103,"column":24},"end":{"line":103,"column":44}},"56":{"start":{"line":104,"column":16},"end":{"line":104,"column":17}},"57":{"start":{"line":105,"column":32},"end":{"line":105,"column":51}},"58":{"start":{"line":106,"column":4},"end":{"line":205,"column":6}},"59":{"start":{"line":107,"column":6},"end":{"line":107,"column":47}},"60":{"start":{"line":109,"column":25},"end":{"line":109,"column":36}},"61":{"start":{"line":110,"column":35},"end":{"line":110,"column":64}},"62":{"start":{"line":111,"column":22},"end":{"line":111,"column":26}},"63":{"start":{"line":112,"column":22},"end":{"line":112,"column":26}},"64":{"start":{"line":114,"column":24},"end":{"line":114,"column":97}},"65":{"start":{"line":115,"column":19},"end":{"line":115,"column":44}},"66":{"start":{"line":116,"column":25},"end":{"line":116,"column":51}},"67":{"start":{"line":117,"column":28},"end":{"line":117,"column":63}},"68":{"start":{"line":119,"column":6},"end":{"line":125,"column":null}},"69":{"start":{"line":120,"column":8},"end":{"line":124,"column":10}},"70":{"start":{"line":121,"column":10},"end":{"line":121,"column":51}},"71":{"start":{"line":122,"column":10},"end":{"line":122,"column":24}},"72":{"start":{"line":123,"column":10},"end":{"line":123,"column":17}},"73":{"start":{"line":126,"column":6},"end":{"line":204,"column":null}},"74":{"start":{"line":127,"column":8},"end":{"line":136,"column":null}},"75":{"start":{"line":128,"column":10},"end":{"line":131,"column":null}},"76":{"start":{"line":129,"column":12},"end":{"line":129,"column":32}},"77":{"start":{"line":130,"column":12},"end":{"line":130,"column":38}},"78":{"start":{"line":132,"column":10},"end":{"line":135,"column":null}},"79":{"start":{"line":133,"column":12},"end":{"line":133,"column":32}},"80":{"start":{"line":134,"column":12},"end":{"line":134,"column":38}},"81":{"start":{"line":138,"column":8},"end":{"line":146,"column":null}},"82":{"start":{"line":139,"column":10},"end":{"line":145,"column":null}},"83":{"start":{"line":142,"column":12},"end":{"line":142,"column":32}},"84":{"start":{"line":144,"column":12},"end":{"line":144,"column":32}},"85":{"start":{"line":148,"column":8},"end":{"line":153,"column":null}},"86":{"start":{"line":149,"column":10},"end":{"line":152,"column":null}},"87":{"start":{"line":151,"column":12},"end":{"line":151,"column":32}},"88":{"start":{"line":155,"column":8},"end":{"line":173,"column":null}},"89":{"start":{"line":157,"column":10},"end":{"line":172,"column":null}},"90":{"start":{"line":160,"column":14},"end":{"line":160,"column":34}},"91":{"start":{"line":161,"column":14},"end":{"line":161,"column":32}},"92":{"start":{"line":162,"column":14},"end":{"line":162,"column":20}},"93":{"start":{"line":166,"column":14},"end":{"line":166,"column":32}},"94":{"start":{"line":167,"column":14},"end":{"line":167,"column":34}},"95":{"start":{"line":168,"column":14},"end":{"line":170,"column":null}},"96":{"start":{"line":169,"column":16},"end":{"line":169,"column":42}},"97":{"start":{"line":171,"column":14},"end":{"line":171,"column":20}},"98":{"start":{"line":175,"column":8},"end":{"line":186,"column":null}},"99":{"start":{"line":176,"column":10},"end":{"line":176,"column":79}},"100":{"start":{"line":177,"column":10},"end":{"line":177,"column":78}},"101":{"start":{"line":178,"column":10},"end":{"line":178,"column":25}},"102":{"start":{"line":179,"column":10},"end":{"line":185,"column":null}},"103":{"start":{"line":180,"column":12},"end":{"line":180,"column":28}},"104":{"start":{"line":181,"column":12},"end":{"line":181,"column":41}},"105":{"start":{"line":184,"column":12},"end":{"line":184,"column":19}},"106":{"start":{"line":188,"column":8},"end":{"line":188,"column":37}},"107":{"start":{"line":190,"column":8},"end":{"line":203,"column":null}},"108":{"start":{"line":193,"column":12},"end":{"line":193,"column":88}},"109":{"start":{"line":194,"column":12},"end":{"line":194,"column":18}},"110":{"start":{"line":197,"column":12},"end":{"line":197,"column":41}},"111":{"start":{"line":198,"column":12},"end":{"line":198,"column":18}},"112":{"start":{"line":200,"column":12},"end":{"line":200,"column":40}},"113":{"start":{"line":201,"column":12},"end":{"line":201,"column":18}},"114":{"start":{"line":207,"column":4},"end":{"line":207,"column":28}},"115":{"start":{"line":208,"column":45},"end":{"line":208,"column":56}},"116":{"start":{"line":210,"column":4},"end":{"line":210,"column":85}},"117":{"start":{"line":211,"column":4},"end":{"line":211,"column":50}},"118":{"start":{"line":215,"column":30},"end":{"line":215,"column":117}},"119":{"start":{"line":216,"column":33},"end":{"line":216,"column":115}},"120":{"start":{"line":217,"column":4},"end":{"line":218,"column":80}},"121":{"start":{"line":222,"column":4},"end":{"line":224,"column":null}},"122":{"start":{"line":223,"column":6},"end":{"line":223,"column":22}},"123":{"start":{"line":225,"column":4},"end":{"line":225,"column":28}},"124":{"start":{"line":230,"column":4},"end":{"line":230,"column":72}},"125":{"start":{"line":235,"column":4},"end":{"line":235,"column":48}},"126":{"start":{"line":239,"column":21},"end":{"line":239,"column":32}},"127":{"start":{"line":240,"column":4},"end":{"line":243,"column":6}},"128":{"start":{"line":247,"column":28},"end":{"line":247,"column":47}},"129":{"start":{"line":248,"column":28},"end":{"line":248,"column":47}},"130":{"start":{"line":249,"column":18},"end":{"line":249,"column":66}},"131":{"start":{"line":250,"column":18},"end":{"line":250,"column":66}},"132":{"start":{"line":251,"column":4},"end":{"line":251,"column":44}},"133":{"start":{"line":256,"column":4},"end":{"line":256,"column":28}},"134":{"start":{"line":259,"column":4},"end":{"line":259,"column":29}},"135":{"start":{"line":8,"column":0},"end":{"line":8,"column":13}},"136":{"start":{"line":264,"column":0},"end":{"line":264,"column":31}}},"fnMap":{"0":{"name":"(anonymous_0)","decl":{"start":{"line":20,"column":2},"end":{"line":20,"column":null}},"loc":{"start":{"line":20,"column":2},"end":{"line":51,"column":3}}},"1":{"name":"(anonymous_1)","decl":{"start":{"line":25,"column":39},"end":{"line":25,"column":40}},"loc":{"start":{"line":25,"column":52},"end":{"line":28,"column":5}}},"2":{"name":"(anonymous_2)","decl":{"start":{"line":31,"column":44},"end":{"line":31,"column":47}},"loc":{"start":{"line":31,"column":49},"end":{"line":49,"column":5}}},"3":{"name":"(anonymous_3)","decl":{"start":{"line":35,"column":34},"end":{"line":35,"column":35}},"loc":{"start":{"line":35,"column":52},"end":{"line":47,"column":7}}},"4":{"name":"(anonymous_4)","decl":{"start":{"line":53,"column":9},"end":{"line":53,"column":17}},"loc":{"start":{"line":53,"column":105},"end":{"line":60,"column":3}}},"5":{"name":"(anonymous_5)","decl":{"start":{"line":62,"column":10},"end":{"line":62,"column":18}},"loc":{"start":{"line":62,"column":28},"end":{"line":71,"column":3}}},"6":{"name":"(anonymous_6)","decl":{"start":{"line":73,"column":9},"end":{"line":73,"column":13}},"loc":{"start":{"line":73,"column":13},"end":{"line":78,"column":3}}},"7":{"name":"(anonymous_7)","decl":{"start":{"line":80,"column":9},"end":{"line":80,"column":23}},"loc":{"start":{"line":80,"column":23},"end":{"line":83,"column":3}}},"8":{"name":"(anonymous_8)","decl":{"start":{"line":85,"column":9},"end":{"line":85,"column":24}},"loc":{"start":{"line":85,"column":45},"end":{"line":87,"column":3}}},"9":{"name":"(anonymous_9)","decl":{"start":{"line":89,"column":9},"end":{"line":89,"column":13}},"loc":{"start":{"line":89,"column":13},"end":{"line":100,"column":3}}},"10":{"name":"(anonymous_10)","decl":{"start":{"line":102,"column":9},"end":{"line":102,"column":15}},"loc":{"start":{"line":102,"column":15},"end":{"line":212,"column":3}}},"11":{"name":"(anonymous_11)","decl":{"start":{"line":214,"column":10},"end":{"line":214,"column":19}},"loc":{"start":{"line":214,"column":19},"end":{"line":219,"column":3}}},"12":{"name":"(anonymous_12)","decl":{"start":{"line":221,"column":10},"end":{"line":221,"column":19}},"loc":{"start":{"line":221,"column":42},"end":{"line":226,"column":3}}},"13":{"name":"(anonymous_13)","decl":{"start":{"line":229,"column":10},"end":{"line":229,"column":20}},"loc":{"start":{"line":229,"column":43},"end":{"line":231,"column":3}}},"14":{"name":"(anonymous_14)","decl":{"start":{"line":234,"column":10},"end":{"line":234,"column":20}},"loc":{"start":{"line":234,"column":43},"end":{"line":236,"column":3}}},"15":{"name":"(anonymous_15)","decl":{"start":{"line":238,"column":10},"end":{"line":238,"column":21}},"loc":{"start":{"line":238,"column":61},"end":{"line":244,"column":3}}},"16":{"name":"(anonymous_16)","decl":{"start":{"line":246,"column":10},"end":{"line":246,"column":25}},"loc":{"start":{"line":246,"column":87},"end":{"line":252,"column":3}}},"17":{"name":"(anonymous_17)","decl":{"start":{"line":255,"column":9},"end":{"line":255,"column":23}},"loc":{"start":{"line":255,"column":35},"end":{"line":257,"column":3}}},"18":{"name":"(anonymous_18)","decl":{"start":{"line":258,"column":2},"end":{"line":258,"column":6}},"loc":{"start":{"line":258,"column":17},"end":{"line":260,"column":3}}}},"branchMap":{"0":{"loc":{"start":{"line":38,"column":8},"end":{"line":40,"column":null}},"type":"if","locations":[{"start":{"line":38,"column":8},"end":{"line":40,"column":null}}]},"1":{"loc":{"start":{"line":41,"column":22},"end":{"line":41,"column":87}},"type":"cond-expr","locations":[{"start":{"line":41,"column":70},"end":{"line":41,"column":80}},{"start":{"line":41,"column":83},"end":{"line":41,"column":87}}]},"2":{"loc":{"start":{"line":41,"column":23},"end":{"line":41,"column":66}},"type":"binary-expr","locations":[{"start":{"line":41,"column":23},"end":{"line":41,"column":42}},{"start":{"line":41,"column":46},"end":{"line":41,"column":66}}]},"3":{"loc":{"start":{"line":42,"column":8},"end":{"line":45,"column":null}},"type":"if","locations":[{"start":{"line":42,"column":8},"end":{"line":45,"column":null}}]},"4":{"loc":{"start":{"line":46,"column":15},"end":{"line":46,"column":52}},"type":"cond-expr","locations":[{"start":{"line":46,"column":37},"end":{"line":46,"column":45}},{"start":{"line":46,"column":48},"end":{"line":46,"column":52}}]},"5":{"loc":{"start":{"line":57,"column":4},"end":{"line":59,"column":null}},"type":"if","locations":[{"start":{"line":57,"column":4},"end":{"line":59,"column":null}}]},"6":{"loc":{"start":{"line":65,"column":4},"end":{"line":70,"column":null}},"type":"if","locations":[{"start":{"line":65,"column":4},"end":{"line":70,"column":null}},{"start":{"line":68,"column":11},"end":{"line":70,"column":null}}]},"7":{"loc":{"start":{"line":65,"column":8},"end":{"line":65,"column":59}},"type":"binary-expr","locations":[{"start":{"line":65,"column":8},"end":{"line":65,"column":33}},{"start":{"line":65,"column":37},"end":{"line":65,"column":59}}]},"8":{"loc":{"start":{"line":74,"column":4},"end":{"line":76,"column":null}},"type":"if","locations":[{"start":{"line":74,"column":4},"end":{"line":76,"column":null}}]},"9":{"loc":{"start":{"line":91,"column":15},"end":{"line":91,"column":41}},"type":"cond-expr","locations":[{"start":{"line":91,"column":35},"end":{"line":91,"column":37}},{"start":{"line":91,"column":40},"end":{"line":91,"column":41}}]},"10":{"loc":{"start":{"line":95,"column":4},"end":{"line":99,"column":null}},"type":"if","locations":[{"start":{"line":95,"column":4},"end":{"line":99,"column":null}}]},"11":{"loc":{"start":{"line":106,"column":4},"end":{"line":205,"column":6}},"type":"if","locations":[{"start":{"line":106,"column":4},"end":{"line":205,"column":6}}]},"12":{"loc":{"start":{"line":119,"column":6},"end":{"line":125,"column":null}},"type":"if","locations":[{"start":{"line":119,"column":6},"end":{"line":125,"column":null}}]},"13":{"loc":{"start":{"line":120,"column":8},"end":{"line":124,"column":10}},"type":"if","locations":[{"start":{"line":120,"column":8},"end":{"line":124,"column":10}}]},"14":{"loc":{"start":{"line":126,"column":6},"end":{"line":204,"column":null}},"type":"if","locations":[{"start":{"line":126,"column":6},"end":{"line":204,"column":null}}]},"15":{"loc":{"start":{"line":127,"column":8},"end":{"line":136,"column":null}},"type":"if","locations":[{"start":{"line":127,"column":8},"end":{"line":136,"column":null}}]},"16":{"loc":{"start":{"line":128,"column":10},"end":{"line":131,"column":null}},"type":"if","locations":[{"start":{"line":128,"column":10},"end":{"line":131,"column":null}}]},"17":{"loc":{"start":{"line":132,"column":10},"end":{"line":135,"column":null}},"type":"if","locations":[{"start":{"line":132,"column":10},"end":{"line":135,"column":null}}]},"18":{"loc":{"start":{"line":138,"column":8},"end":{"line":146,"column":null}},"type":"if","locations":[{"start":{"line":138,"column":8},"end":{"line":146,"column":null}}]},"19":{"loc":{"start":{"line":139,"column":10},"end":{"line":145,"column":null}},"type":"if","locations":[{"start":{"line":139,"column":10},"end":{"line":145,"column":null}},{"start":{"line":143,"column":17},"end":{"line":145,"column":null}}]},"20":{"loc":{"start":{"line":139,"column":14},"end":{"line":140,"column":79}},"type":"binary-expr","locations":[{"start":{"line":139,"column":14},"end":{"line":139,"column":39}},{"start":{"line":140,"column":16},"end":{"line":140,"column":78}}]},"21":{"loc":{"start":{"line":148,"column":8},"end":{"line":153,"column":null}},"type":"if","locations":[{"start":{"line":148,"column":8},"end":{"line":153,"column":null}}]},"22":{"loc":{"start":{"line":149,"column":10},"end":{"line":152,"column":null}},"type":"if","locations":[{"start":{"line":149,"column":10},"end":{"line":152,"column":null}}]},"23":{"loc":{"start":{"line":149,"column":14},"end":{"line":150,"column":40}},"type":"binary-expr","locations":[{"start":{"line":149,"column":14},"end":{"line":149,"column":39}},{"start":{"line":150,"column":15},"end":{"line":150,"column":40}}]},"24":{"loc":{"start":{"line":155,"column":8},"end":{"line":173,"column":null}},"type":"if","locations":[{"start":{"line":155,"column":8},"end":{"line":173,"column":null}}]},"25":{"loc":{"start":{"line":157,"column":10},"end":{"line":172,"column":null}},"type":"switch","locations":[{"start":{"line":158,"column":12},"end":{"line":158,"column":39}},{"start":{"line":159,"column":12},"end":{"line":162,"column":20}},{"start":{"line":163,"column":12},"end":{"line":163,"column":37}},{"start":{"line":164,"column":12},"end":{"line":164,"column":39}},{"start":{"line":165,"column":12},"end":{"line":171,"column":20}}]},"26":{"loc":{"start":{"line":168,"column":14},"end":{"line":170,"column":null}},"type":"if","locations":[{"start":{"line":168,"column":14},"end":{"line":170,"column":null}}]},"27":{"loc":{"start":{"line":175,"column":8},"end":{"line":186,"column":null}},"type":"if","locations":[{"start":{"line":175,"column":8},"end":{"line":186,"column":null}}]},"28":{"loc":{"start":{"line":179,"column":10},"end":{"line":185,"column":null}},"type":"if","locations":[{"start":{"line":179,"column":10},"end":{"line":185,"column":null}}]},"29":{"loc":{"start":{"line":190,"column":8},"end":{"line":203,"column":null}},"type":"switch","locations":[{"start":{"line":191,"column":10},"end":{"line":191,"column":37}},{"start":{"line":192,"column":10},"end":{"line":194,"column":18}},{"start":{"line":195,"column":10},"end":{"line":195,"column":37}},{"start":{"line":196,"column":10},"end":{"line":198,"column":18}},{"start":{"line":199,"column":10},"end":{"line":201,"column":18}},{"start":{"line":202,"column":10},"end":{"line":202,"column":18}}]},"30":{"loc":{"start":{"line":193,"column":20},"end":{"line":193,"column":87}},"type":"cond-expr","locations":[{"start":{"line":193,"column":47},"end":{"line":193,"column":66}},{"start":{"line":193,"column":69},"end":{"line":193,"column":87}}]},"31":{"loc":{"start":{"line":217,"column":11},"end":{"line":218,"column":79}},"type":"binary-expr","locations":[{"start":{"line":217,"column":11},"end":{"line":217,"column":45}},{"start":{"line":218,"column":10},"end":{"line":218,"column":78}}]},"32":{"loc":{"start":{"line":222,"column":4},"end":{"line":224,"column":null}},"type":"if","locations":[{"start":{"line":222,"column":4},"end":{"line":224,"column":null}}]},"33":{"loc":{"start":{"line":222,"column":8},"end":{"line":222,"column":77}},"type":"binary-expr","locations":[{"start":{"line":222,"column":8},"end":{"line":222,"column":13}},{"start":{"line":222,"column":17},"end":{"line":222,"column":22}},{"start":{"line":222,"column":26},"end":{"line":222,"column":51}},{"start":{"line":222,"column":55},"end":{"line":222,"column":77}}]},"34":{"loc":{"start":{"line":238,"column":22},"end":{"line":238,"column":61}},"type":"default-arg","locations":[{"start":{"line":238,"column":45},"end":{"line":238,"column":61}}]},"35":{"loc":{"start":{"line":246,"column":48},"end":{"line":246,"column":87}},"type":"default-arg","locations":[{"start":{"line":246,"column":71},"end":{"line":246,"column":87}}]}},"s":{"0":1,"1":1,"2":1,"3":1,"4":1,"5":1,"6":1,"7":1,"8":1,"9":1,"10":1,"11":0,"12":0,"13":1,"14":1,"15":0,"16":0,"17":0,"18":0,"19":0,"20":0,"21":0,"22":0,"23":0,"24":0,"25":0,"26":0,"27":0,"28":0,"29":0,"30":0,"31":0,"32":0,"33":0,"34":0,"35":0,"36":0,"37":0,"38":0,"39":0,"40":0,"41":0,"42":0,"43":0,"44":0,"45":0,"46":0,"47":0,"48":0,"49":0,"50":0,"51":0,"52":0,"53":0,"54":0,"55":0,"56":0,"57":0,"58":0,"59":0,"60":0,"61":0,"62":0,"63":0,"64":0,"65":0,"66":0,"67":0,"68":0,"69":0,"70":0,"71":0,"72":0,"73":0,"74":0,"75":0,"76":0,"77":0,"78":0,"79":0,"80":0,"81":0,"82":0,"83":0,"84":0,"85":0,"86":0,"87":0,"88":0,"89":0,"90":0,"91":0,"92":0,"93":0,"94":0,"95":0,"96":0,"97":0,"98":0,"99":0,"100":0,"101":0,"102":0,"103":0,"104":0,"105":0,"106":0,"107":0,"108":0,"109":0,"110":0,"111":0,"112":0,"113":0,"114":0,"115":0,"116":0,"117":0,"118":0,"119":0,"120":0,"121":0,"122":0,"123":0,"124":0,"125":0,"126":0,"127":0,"128":0,"129":0,"130":0,"131":0,"132":0,"133":0,"134":0,"135":1,"136":1},"f":{"0":1,"1":0,"2":0,"3":0,"4":0,"5":0,"6":0,"7":0,"8":0,"9":0,"10":0,"11":0,"12":0,"13":0,"14":0,"15":0,"16":0,"17":0,"18":0},"b":{"0":[0],"1":[0,0],"2":[0,0],"3":[0],"4":[0,0],"5":[0],"6":[0,0],"7":[0,0],"8":[0],"9":[0,0],"10":[0],"11":[0],"12":[0],"13":[0],"14":[0],"15":[0],"16":[0],"17":[0],"18":[0],"19":[0,0],"20":[0,0],"21":[0],"22":[0],"23":[0,0],"24":[0],"25":[0,0,0,0,0],"26":[0],"27":[0],"28":[0],"29":[0,0,0,0,0,0],"30":[0,0],"31":[0,0],"32":[0],"33":[0,0,0,0],"34":[0],"35":[0]}}
,"/Users/alexweb/www/Yandex/projects/top-name-game-repo/packages/client/src/components/game/model/Runner.ts": {"path":"/Users/alexweb/www/Yandex/projects/top-name-game-repo/packages/client/src/components/game/model/Runner.ts","statementMap":{"0":{"start":{"line":2,"column":0},"end":{"line":2,"column":77}},"1":{"start":{"line":7,"column":34},"end":{"line":7,"column":51}},"2":{"start":{"line":8,"column":38},"end":{"line":8,"column":55}},"3":{"start":{"line":10,"column":35},"end":{"line":10,"column":36}},"4":{"start":{"line":13,"column":4},"end":{"line":13,"column":26}},"5":{"start":{"line":17,"column":4},"end":{"line":17,"column":16}},"6":{"start":{"line":18,"column":4},"end":{"line":18,"column":16}},"7":{"start":{"line":22,"column":4},"end":{"line":30,"column":null}},"8":{"start":{"line":23,"column":6},"end":{"line":23,"column":28}},"9":{"start":{"line":24,"column":6},"end":{"line":26,"column":null}},"10":{"start":{"line":25,"column":8},"end":{"line":25,"column":30}},"11":{"start":{"line":27,"column":6},"end":{"line":29,"column":null}},"12":{"start":{"line":28,"column":8},"end":{"line":28,"column":30}},"13":{"start":{"line":34,"column":4},"end":{"line":34,"column":37}},"14":{"start":{"line":38,"column":15},"end":{"line":38,"column":31}},"15":{"start":{"line":39,"column":15},"end":{"line":39,"column":31}},"16":{"start":{"line":40,"column":20},"end":{"line":40,"column":27}},"17":{"start":{"line":41,"column":20},"end":{"line":41,"column":27}},"18":{"start":{"line":42,"column":4},"end":{"line":57,"column":null}},"19":{"start":{"line":44,"column":8},"end":{"line":44,"column":25}},"20":{"start":{"line":45,"column":8},"end":{"line":45,"column":14}},"21":{"start":{"line":47,"column":8},"end":{"line":47,"column":25}},"22":{"start":{"line":48,"column":8},"end":{"line":48,"column":14}},"23":{"start":{"line":50,"column":8},"end":{"line":50,"column":25}},"24":{"start":{"line":51,"column":8},"end":{"line":51,"column":14}},"25":{"start":{"line":54,"column":8},"end":{"line":54,"column":25}},"26":{"start":{"line":55,"column":8},"end":{"line":55,"column":14}},"27":{"start":{"line":58,"column":4},"end":{"line":58,"column":20}},"28":{"start":{"line":62,"column":4},"end":{"line":74,"column":null}},"29":{"start":{"line":64,"column":8},"end":{"line":64,"column":43}},"30":{"start":{"line":66,"column":8},"end":{"line":66,"column":43}},"31":{"start":{"line":68,"column":8},"end":{"line":68,"column":70}},"32":{"start":{"line":71,"column":8},"end":{"line":71,"column":70}},"33":{"start":{"line":73,"column":8},"end":{"line":73,"column":30}},"34":{"start":{"line":78,"column":4},"end":{"line":88,"column":null}},"35":{"start":{"line":80,"column":8},"end":{"line":80,"column":50}},"36":{"start":{"line":82,"column":8},"end":{"line":82,"column":50}},"37":{"start":{"line":84,"column":8},"end":{"line":84,"column":78}},"38":{"start":{"line":87,"column":8},"end":{"line":87,"column":78}},"39":{"start":{"line":89,"column":4},"end":{"line":89,"column":14}},"40":{"start":{"line":93,"column":4},"end":{"line":93,"column":19}},"41":{"start":{"line":97,"column":4},"end":{"line":97,"column":19}},"42":{"start":{"line":101,"column":4},"end":{"line":101,"column":24}},"43":{"start":{"line":105,"column":4},"end":{"line":105,"column":29}},"44":{"start":{"line":4,"column":0},"end":{"line":4,"column":13}},"45":{"start":{"line":109,"column":0},"end":{"line":109,"column":22}}},"fnMap":{"0":{"name":"(anonymous_0)","decl":{"start":{"line":12,"column":2},"end":{"line":12,"column":14}},"loc":{"start":{"line":12,"column":53},"end":{"line":14,"column":3}}},"1":{"name":"(anonymous_1)","decl":{"start":{"line":16,"column":9},"end":{"line":16,"column":15}},"loc":{"start":{"line":16,"column":38},"end":{"line":19,"column":3}}},"2":{"name":"(anonymous_2)","decl":{"start":{"line":21,"column":9},"end":{"line":21,"column":18}},"loc":{"start":{"line":21,"column":39},"end":{"line":31,"column":3}}},"3":{"name":"(anonymous_3)","decl":{"start":{"line":33,"column":9},"end":{"line":33,"column":20}},"loc":{"start":{"line":33,"column":20},"end":{"line":35,"column":3}}},"4":{"name":"(anonymous_4)","decl":{"start":{"line":37,"column":9},"end":{"line":37,"column":19}},"loc":{"start":{"line":37,"column":33},"end":{"line":59,"column":3}}},"5":{"name":"(anonymous_5)","decl":{"start":{"line":61,"column":9},"end":{"line":61,"column":31}},"loc":{"start":{"line":61,"column":54},"end":{"line":75,"column":3}}},"6":{"name":"(anonymous_6)","decl":{"start":{"line":77,"column":9},"end":{"line":77,"column":23}},"loc":{"start":{"line":77,"column":46},"end":{"line":90,"column":3}}},"7":{"name":"(anonymous_7)","decl":{"start":{"line":92,"column":2},"end":{"line":92,"column":6}},"loc":{"start":{"line":92,"column":7},"end":{"line":94,"column":3}}},"8":{"name":"(anonymous_8)","decl":{"start":{"line":96,"column":2},"end":{"line":96,"column":6}},"loc":{"start":{"line":96,"column":7},"end":{"line":98,"column":3}}},"9":{"name":"(anonymous_9)","decl":{"start":{"line":100,"column":2},"end":{"line":100,"column":6}},"loc":{"start":{"line":100,"column":12},"end":{"line":102,"column":3}}},"10":{"name":"(anonymous_10)","decl":{"start":{"line":104,"column":2},"end":{"line":104,"column":6}},"loc":{"start":{"line":104,"column":17},"end":{"line":106,"column":3}}}},"branchMap":{"0":{"loc":{"start":{"line":12,"column":14},"end":{"line":12,"column":53}},"type":"default-arg","locations":[{"start":{"line":12,"column":39},"end":{"line":12,"column":53}}]},"1":{"loc":{"start":{"line":22,"column":4},"end":{"line":30,"column":null}},"type":"if","locations":[{"start":{"line":22,"column":4},"end":{"line":30,"column":null}}]},"2":{"loc":{"start":{"line":24,"column":6},"end":{"line":26,"column":null}},"type":"if","locations":[{"start":{"line":24,"column":6},"end":{"line":26,"column":null}}]},"3":{"loc":{"start":{"line":27,"column":6},"end":{"line":29,"column":null}},"type":"if","locations":[{"start":{"line":27,"column":6},"end":{"line":29,"column":null}}]},"4":{"loc":{"start":{"line":42,"column":4},"end":{"line":57,"column":null}},"type":"switch","locations":[{"start":{"line":43,"column":6},"end":{"line":45,"column":14}},{"start":{"line":46,"column":6},"end":{"line":48,"column":14}},{"start":{"line":49,"column":6},"end":{"line":51,"column":14}},{"start":{"line":52,"column":6},"end":{"line":52,"column":33}},{"start":{"line":53,"column":6},"end":{"line":55,"column":14}},{"start":{"line":56,"column":6},"end":{"line":56,"column":14}}]},"5":{"loc":{"start":{"line":62,"column":4},"end":{"line":74,"column":null}},"type":"switch","locations":[{"start":{"line":63,"column":6},"end":{"line":64,"column":43}},{"start":{"line":65,"column":6},"end":{"line":66,"column":43}},{"start":{"line":67,"column":6},"end":{"line":68,"column":70}},{"start":{"line":69,"column":6},"end":{"line":69,"column":33}},{"start":{"line":70,"column":6},"end":{"line":71,"column":70}},{"start":{"line":72,"column":6},"end":{"line":73,"column":30}}]},"6":{"loc":{"start":{"line":78,"column":4},"end":{"line":88,"column":null}},"type":"switch","locations":[{"start":{"line":79,"column":6},"end":{"line":80,"column":50}},{"start":{"line":81,"column":6},"end":{"line":82,"column":50}},{"start":{"line":83,"column":6},"end":{"line":84,"column":78}},{"start":{"line":85,"column":6},"end":{"line":85,"column":33}},{"start":{"line":86,"column":6},"end":{"line":87,"column":78}}]}},"s":{"0":1,"1":1,"2":1,"3":1,"4":1,"5":1,"6":1,"7":0,"8":0,"9":0,"10":0,"11":0,"12":0,"13":0,"14":0,"15":0,"16":0,"17":0,"18":0,"19":0,"20":0,"21":0,"22":0,"23":0,"24":0,"25":0,"26":0,"27":0,"28":0,"29":0,"30":0,"31":0,"32":0,"33":0,"34":0,"35":0,"36":0,"37":0,"38":0,"39":0,"40":0,"41":0,"42":0,"43":0,"44":1,"45":1},"f":{"0":1,"1":1,"2":0,"3":0,"4":0,"5":0,"6":0,"7":0,"8":0,"9":0,"10":0},"b":{"0":[1],"1":[0],"2":[0],"3":[0],"4":[0,0,0,0,0,0],"5":[0,0,0,0,0,0],"6":[0,0,0,0,0]}}
,"/Users/alexweb/www/Yandex/projects/top-name-game-repo/packages/client/src/components/game/model/index.ts": {"path":"/Users/alexweb/www/Yandex/projects/top-name-game-repo/packages/client/src/components/game/model/index.ts","statementMap":{"0":{"start":{"line":1,"column":0},"end":{"line":1,"column":28}},"1":{"start":{"line":2,"column":0},"end":{"line":2,"column":25}},"2":{"start":{"line":3,"column":0},"end":{"line":3,"column":24}}},"fnMap":{},"branchMap":{},"s":{"0":1,"1":1,"2":1},"f":{},"b":{}}
,"/Users/alexweb/www/Yandex/projects/top-name-game-repo/packages/client/src/components/game/model/types.ts": {"path":"/Users/alexweb/www/Yandex/projects/top-name-game-repo/packages/client/src/components/game/model/types.ts","statementMap":{"0":{"start":{"line":21,"column":0},"end":{"line":21,"column":null}},"1":{"start":{"line":22,"column":2},"end":{"line":22,"column":null}},"2":{"start":{"line":23,"column":2},"end":{"line":23,"column":null}},"3":{"start":{"line":24,"column":2},"end":{"line":24,"column":null}},"4":{"start":{"line":25,"column":2},"end":{"line":25,"column":null}},"5":{"start":{"line":26,"column":2},"end":{"line":26,"column":null}}},"fnMap":{"0":{"name":"(anonymous_0)","decl":{"start":{"line":21,"column":0},"end":{"line":21,"column":12}},"loc":{"start":{"line":21,"column":23},"end":{"line":27,"column":1}}}},"branchMap":{"0":{"loc":{"start":{"line":21,"column":12},"end":{"line":21,"column":null}},"type":"binary-expr","locations":[{"start":{"line":21,"column":12},"end":{"line":21,"column":23}},{"start":{"line":21,"column":12},"end":{"line":21,"column":null}}]}},"s":{"0":1,"1":1,"2":1,"3":1,"4":1,"5":1},"f":{"0":1},"b":{"0":[1,1]}}
,"/Users/alexweb/www/Yandex/projects/top-name-game-repo/packages/client/src/components/game/utils/EventBus.ts": {"path":"/Users/alexweb/www/Yandex/projects/top-name-game-repo/packages/client/src/components/game/utils/EventBus.ts","statementMap":{"0":{"start":{"line":8,"column":80},"end":{"line":8,"column":82}},"1":{"start":{"line":11,"column":4},"end":{"line":11,"column":24}},"2":{"start":{"line":15,"column":4},"end":{"line":17,"column":null}},"3":{"start":{"line":16,"column":6},"end":{"line":16,"column":33}},"4":{"start":{"line":18,"column":4},"end":{"line":18,"column":42}},"5":{"start":{"line":22,"column":4},"end":{"line":25,"column":null}},"6":{"start":{"line":24,"column":6},"end":{"line":24,"column":53}},"7":{"start":{"line":26,"column":4},"end":{"line":26,"column":95}},"8":{"start":{"line":26,"column":72},"end":{"line":26,"column":93}},"9":{"start":{"line":30,"column":4},"end":{"line":33,"column":null}},"10":{"start":{"line":32,"column":6},"end":{"line":32,"column":53}},"11":{"start":{"line":34,"column":4},"end":{"line":34,"column":68}},"12":{"start":{"line":34,"column":49},"end":{"line":34,"column":66}},"13":{"start":{"line":4,"column":0},"end":{"line":4,"column":13}}},"fnMap":{"0":{"name":"(anonymous_0)","decl":{"start":{"line":10,"column":2},"end":{"line":10,"column":null}},"loc":{"start":{"line":10,"column":2},"end":{"line":12,"column":3}}},"1":{"name":"(anonymous_1)","decl":{"start":{"line":14,"column":9},"end":{"line":14,"column":11}},"loc":{"start":{"line":14,"column":87},"end":{"line":19,"column":3}}},"2":{"name":"(anonymous_2)","decl":{"start":{"line":21,"column":9},"end":{"line":21,"column":12}},"loc":{"start":{"line":21,"column":88},"end":{"line":27,"column":3}}},"3":{"name":"(anonymous_3)","decl":{"start":{"line":26,"column":58},"end":{"line":26,"column":59}},"loc":{"start":{"line":26,"column":72},"end":{"line":26,"column":93}}},"4":{"name":"(anonymous_4)","decl":{"start":{"line":29,"column":9},"end":{"line":29,"column":17}},"loc":{"start":{"line":29,"column":83},"end":{"line":35,"column":3}}},"5":{"name":"(anonymous_5)","decl":{"start":{"line":34,"column":35},"end":{"line":34,"column":36}},"loc":{"start":{"line":34,"column":49},"end":{"line":34,"column":66}}}},"branchMap":{"0":{"loc":{"start":{"line":15,"column":4},"end":{"line":17,"column":null}},"type":"if","locations":[{"start":{"line":15,"column":4},"end":{"line":17,"column":null}}]},"1":{"loc":{"start":{"line":22,"column":4},"end":{"line":25,"column":null}},"type":"if","locations":[{"start":{"line":22,"column":4},"end":{"line":25,"column":null}}]},"2":{"loc":{"start":{"line":30,"column":4},"end":{"line":33,"column":null}},"type":"if","locations":[{"start":{"line":30,"column":4},"end":{"line":33,"column":null}}]}},"s":{"0":1,"1":1,"2":0,"3":0,"4":0,"5":0,"6":0,"7":0,"8":0,"9":0,"10":0,"11":0,"12":0,"13":1},"f":{"0":1,"1":0,"2":0,"3":0,"4":0,"5":0},"b":{"0":[0],"1":[0],"2":[0]}}
,"/Users/alexweb/www/Yandex/projects/top-name-game-repo/packages/client/src/components/game/view/GameView.tsx": {"path":"/Users/alexweb/www/Yandex/projects/top-name-game-repo/packages/client/src/components/game/view/GameView.tsx","statementMap":{"0":{"start":{"line":1,"column":0},"end":{"line":1,"column":48}},"1":{"start":{"line":3,"column":0},"end":{"line":3,"column":59}},"2":{"start":{"line":4,"column":0},"end":{"line":4,"column":42}},"3":{"start":{"line":5,"column":0},"end":{"line":5,"column":79}},"4":{"start":{"line":7,"column":0},"end":{"line":7,"column":33}},"5":{"start":{"line":8,"column":0},"end":{"line":8,"column":41}},"6":{"start":{"line":9,"column":0},"end":{"line":9,"column":43}},"7":{"start":{"line":11,"column":14},"end":{"line":11,"column":27}},"8":{"start":{"line":12,"column":15},"end":{"line":12,"column":28}},"9":{"start":{"line":14,"column":24},"end":{"line":121,"column":1}},"10":{"start":{"line":15,"column":19},"end":{"line":15,"column":50}},"11":{"start":{"line":16,"column":20},"end":{"line":16,"column":51}},"12":{"start":{"line":18,"column":18},"end":{"line":18,"column":37}},"13":{"start":{"line":19,"column":20},"end":{"line":19,"column":41}},"14":{"start":{"line":21,"column":22},"end":{"line":48,"column":3}},"15":{"start":{"line":28,"column":16},"end":{"line":28,"column":50}},"16":{"start":{"line":29,"column":4},"end":{"line":47,"column":null}},"17":{"start":{"line":30,"column":6},"end":{"line":33,"column":null}},"18":{"start":{"line":31,"column":8},"end":{"line":31,"column":null}},"19":{"start":{"line":32,"column":8},"end":{"line":32,"column":null}},"20":{"start":{"line":34,"column":6},"end":{"line":41,"column":null}},"21":{"start":{"line":35,"column":8},"end":{"line":40,"column":null}},"22":{"start":{"line":36,"column":10},"end":{"line":39,"column":null}},"23":{"start":{"line":37,"column":24},"end":{"line":37,"column":49}},"24":{"start":{"line":38,"column":12},"end":{"line":38,"column":null}},"25":{"start":{"line":42,"column":6},"end":{"line":46,"column":null}},"26":{"start":{"line":43,"column":25},"end":{"line":43,"column":29}},"27":{"start":{"line":44,"column":8},"end":{"line":44,"column":null}},"28":{"start":{"line":45,"column":8},"end":{"line":45,"column":null}},"29":{"start":{"line":50,"column":20},"end":{"line":61,"column":3}},"30":{"start":{"line":51,"column":16},"end":{"line":51,"column":51}},"31":{"start":{"line":52,"column":4},"end":{"line":60,"column":null}},"32":{"start":{"line":53,"column":6},"end":{"line":53,"column":null}},"33":{"start":{"line":54,"column":32},"end":{"line":54,"column":36}},"34":{"start":{"line":56,"column":6},"end":{"line":59,"column":null}},"35":{"start":{"line":57,"column":43},"end":{"line":57,"column":49}},"36":{"start":{"line":58,"column":8},"end":{"line":58,"column":null}},"37":{"start":{"line":63,"column":18},"end":{"line":75,"column":3}},"38":{"start":{"line":64,"column":24},"end":{"line":64,"column":27}},"39":{"start":{"line":65,"column":4},"end":{"line":74,"column":null}},"40":{"start":{"line":66,"column":6},"end":{"line":73,"column":null}},"41":{"start":{"line":70,"column":8},"end":{"line":70,"column":null}},"42":{"start":{"line":71,"column":8},"end":{"line":71,"column":null}},"43":{"start":{"line":72,"column":8},"end":{"line":72,"column":null}},"44":{"start":{"line":77,"column":20},"end":{"line":90,"column":3}},"45":{"start":{"line":78,"column":24},"end":{"line":78,"column":27}},"46":{"start":{"line":79,"column":4},"end":{"line":84,"column":null}},"47":{"start":{"line":80,"column":6},"end":{"line":80,"column":null}},"48":{"start":{"line":81,"column":6},"end":{"line":81,"column":null}},"49":{"start":{"line":82,"column":6},"end":{"line":82,"column":null}},"50":{"start":{"line":83,"column":6},"end":{"line":83,"column":null}},"51":{"start":{"line":85,"column":4},"end":{"line":89,"column":null}},"52":{"start":{"line":86,"column":6},"end":{"line":86,"column":null}},"53":{"start":{"line":87,"column":6},"end":{"line":87,"column":null}},"54":{"start":{"line":88,"column":6},"end":{"line":88,"column":null}},"55":{"start":{"line":92,"column":2},"end":{"line":105,"column":null}},"56":{"start":{"line":93,"column":4},"end":{"line":93,"column":null}},"57":{"start":{"line":94,"column":4},"end":{"line":94,"column":null}},"58":{"start":{"line":96,"column":4},"end":{"line":96,"column":null}},"59":{"start":{"line":97,"column":4},"end":{"line":97,"column":null}},"60":{"start":{"line":98,"column":4},"end":{"line":98,"column":null}},"61":{"start":{"line":99,"column":4},"end":{"line":104,"column":null}},"62":{"start":{"line":100,"column":6},"end":{"line":100,"column":null}},"63":{"start":{"line":101,"column":6},"end":{"line":101,"column":null}},"64":{"start":{"line":102,"column":6},"end":{"line":102,"column":null}},"65":{"start":{"line":103,"column":6},"end":{"line":103,"column":null}},"66":{"start":{"line":107,"column":2},"end":{"line":120,"column":null}},"67":{"start":{"line":14,"column":13},"end":{"line":14,"column":24}}},"fnMap":{"0":{"name":"(anonymous_0)","decl":{"start":{"line":14,"column":24},"end":{"line":14,"column":27}},"loc":{"start":{"line":14,"column":29},"end":{"line":121,"column":1}}},"1":{"name":"(anonymous_1)","decl":{"start":{"line":21,"column":22},"end":{"line":21,"column":23}},"loc":{"start":{"line":27,"column":7},"end":{"line":48,"column":3}}},"2":{"name":"(anonymous_2)","decl":{"start":{"line":34,"column":17},"end":{"line":34,"column":18}},"loc":{"start":{"line":34,"column":29},"end":{"line":41,"column":7}}},"3":{"name":"(anonymous_3)","decl":{"start":{"line":35,"column":17},"end":{"line":35,"column":18}},"loc":{"start":{"line":35,"column":29},"end":{"line":40,"column":9}}},"4":{"name":"(anonymous_4)","decl":{"start":{"line":50,"column":20},"end":{"line":50,"column":21}},"loc":{"start":{"line":50,"column":72},"end":{"line":61,"column":3}}},"5":{"name":"(anonymous_5)","decl":{"start":{"line":63,"column":18},"end":{"line":63,"column":19}},"loc":{"start":{"line":63,"column":47},"end":{"line":75,"column":3}}},"6":{"name":"(anonymous_6)","decl":{"start":{"line":77,"column":20},"end":{"line":77,"column":21}},"loc":{"start":{"line":77,"column":49},"end":{"line":90,"column":3}}},"7":{"name":"(anonymous_7)","decl":{"start":{"line":92,"column":12},"end":{"line":92,"column":15}},"loc":{"start":{"line":92,"column":17},"end":{"line":105,"column":3}}},"8":{"name":"(anonymous_8)","decl":{"start":{"line":99,"column":11},"end":{"line":99,"column":14}},"loc":{"start":{"line":99,"column":16},"end":{"line":104,"column":5}}}},"branchMap":{"0":{"loc":{"start":{"line":29,"column":4},"end":{"line":47,"column":null}},"type":"if","locations":[{"start":{"line":29,"column":4},"end":{"line":47,"column":null}}]},"1":{"loc":{"start":{"line":30,"column":6},"end":{"line":33,"column":null}},"type":"if","locations":[{"start":{"line":30,"column":6},"end":{"line":33,"column":null}}]},"2":{"loc":{"start":{"line":36,"column":10},"end":{"line":39,"column":null}},"type":"if","locations":[{"start":{"line":36,"column":10},"end":{"line":39,"column":null}}]},"3":{"loc":{"start":{"line":42,"column":6},"end":{"line":46,"column":null}},"type":"if","locations":[{"start":{"line":42,"column":6},"end":{"line":46,"column":null}}]},"4":{"loc":{"start":{"line":52,"column":4},"end":{"line":60,"column":null}},"type":"if","locations":[{"start":{"line":52,"column":4},"end":{"line":60,"column":null}}]},"5":{"loc":{"start":{"line":56,"column":6},"end":{"line":59,"column":null}},"type":"if","locations":[{"start":{"line":56,"column":6},"end":{"line":59,"column":null}}]},"6":{"loc":{"start":{"line":65,"column":4},"end":{"line":74,"column":null}},"type":"if","locations":[{"start":{"line":65,"column":4},"end":{"line":74,"column":null}}]},"7":{"loc":{"start":{"line":66,"column":6},"end":{"line":73,"column":null}},"type":"if","locations":[{"start":{"line":66,"column":6},"end":{"line":73,"column":null}}]},"8":{"loc":{"start":{"line":67,"column":8},"end":{"line":68,"column":40}},"type":"binary-expr","locations":[{"start":{"line":67,"column":8},"end":{"line":67,"column":40}},{"start":{"line":68,"column":8},"end":{"line":68,"column":40}}]},"9":{"loc":{"start":{"line":79,"column":4},"end":{"line":84,"column":null}},"type":"if","locations":[{"start":{"line":79,"column":4},"end":{"line":84,"column":null}}]},"10":{"loc":{"start":{"line":79,"column":8},"end":{"line":79,"column":76}},"type":"binary-expr","locations":[{"start":{"line":79,"column":8},"end":{"line":79,"column":40}},{"start":{"line":79,"column":44},"end":{"line":79,"column":76}}]},"11":{"loc":{"start":{"line":85,"column":4},"end":{"line":89,"column":null}},"type":"if","locations":[{"start":{"line":85,"column":4},"end":{"line":89,"column":null}}]}},"s":{"0":1,"1":1,"2":1,"3":1,"4":1,"5":1,"6":1,"7":1,"8":1,"9":1,"10":0,"11":0,"12":0,"13":0,"14":0,"15":0,"16":0,"17":0,"18":0,"19":0,"20":0,"21":0,"22":0,"23":0,"24":0,"25":0,"26":0,"27":0,"28":0,"29":0,"30":0,"31":0,"32":0,"33":0,"34":0,"35":0,"36":0,"37":0,"38":0,"39":0,"40":0,"41":0,"42":0,"43":0,"44":0,"45":0,"46":0,"47":0,"48":0,"49":0,"50":0,"51":0,"52":0,"53":0,"54":0,"55":0,"56":0,"57":0,"58":0,"59":0,"60":0,"61":0,"62":0,"63":0,"64":0,"65":0,"66":0,"67":1},"f":{"0":0,"1":0,"2":0,"3":0,"4":0,"5":0,"6":0,"7":0,"8":0},"b":{"0":[0],"1":[0],"2":[0],"3":[0],"4":[0],"5":[0],"6":[0],"7":[0],"8":[0,0],"9":[0],"10":[0,0],"11":[0]}}
,"/Users/alexweb/www/Yandex/projects/top-name-game-repo/packages/client/src/components/game/view/sprite/Sprite.ts": {"path":"/Users/alexweb/www/Yandex/projects/top-name-game-repo/packages/client/src/components/game/view/sprite/Sprite.ts","statementMap":{"0":{"start":{"line":1,"column":0},"end":{"line":1,"column":43}},"1":{"start":{"line":5,"column":17},"end":{"line":5,"column":18}},"2":{"start":{"line":6,"column":18},"end":{"line":6,"column":19}},"3":{"start":{"line":14,"column":4},"end":{"line":14,"column":53}},"4":{"start":{"line":15,"column":4},"end":{"line":15,"column":19}},"5":{"start":{"line":16,"column":4},"end":{"line":16,"column":19}},"6":{"start":{"line":17,"column":4},"end":{"line":17,"column":25}},"7":{"start":{"line":21,"column":4},"end":{"line":21,"column":20}},"8":{"start":{"line":22,"column":12},"end":{"line":22,"column":13}},"9":{"start":{"line":23,"column":12},"end":{"line":23,"column":13}},"10":{"start":{"line":24,"column":4},"end":{"line":46,"column":null}},"11":{"start":{"line":25,"column":32},"end":{"line":25,"column":87}},"12":{"start":{"line":26,"column":26},"end":{"line":26,"column":31}},"13":{"start":{"line":27,"column":6},"end":{"line":30,"column":null}},"14":{"start":{"line":28,"column":8},"end":{"line":28,"column":47}},"15":{"start":{"line":29,"column":8},"end":{"line":29,"column":22}},"16":{"start":{"line":31,"column":6},"end":{"line":31,"column":48}},"17":{"start":{"line":32,"column":6},"end":{"line":32,"column":31}},"18":{"start":{"line":33,"column":6},"end":{"line":33,"column":62}},"19":{"start":{"line":34,"column":6},"end":{"line":34,"column":64}},"20":{"start":{"line":37,"column":18},"end":{"line":37,"column":78}},"21":{"start":{"line":38,"column":6},"end":{"line":45,"column":null}},"22":{"start":{"line":39,"column":8},"end":{"line":39,"column":48}},"23":{"start":{"line":40,"column":8},"end":{"line":44,"column":null}},"24":{"start":{"line":48,"column":4},"end":{"line":48,"column":23}},"25":{"start":{"line":4,"column":0},"end":{"line":4,"column":13}}},"fnMap":{"0":{"name":"(anonymous_0)","decl":{"start":{"line":13,"column":2},"end":{"line":13,"column":14}},"loc":{"start":{"line":13,"column":89},"end":{"line":18,"column":3}}},"1":{"name":"(anonymous_1)","decl":{"start":{"line":20,"column":9},"end":{"line":20,"column":17}},"loc":{"start":{"line":20,"column":54},"end":{"line":49,"column":3}}}},"branchMap":{"0":{"loc":{"start":{"line":13,"column":34},"end":{"line":13,"column":50}},"type":"default-arg","locations":[{"start":{"line":13,"column":42},"end":{"line":13,"column":50}}]},"1":{"loc":{"start":{"line":13,"column":52},"end":{"line":13,"column":69}},"type":"default-arg","locations":[{"start":{"line":13,"column":61},"end":{"line":13,"column":69}}]},"2":{"loc":{"start":{"line":20,"column":30},"end":{"line":20,"column":39}},"type":"default-arg","locations":[{"start":{"line":20,"column":38},"end":{"line":20,"column":39}}]},"3":{"loc":{"start":{"line":20,"column":41},"end":{"line":20,"column":54}},"type":"default-arg","locations":[{"start":{"line":20,"column":53},"end":{"line":20,"column":54}}]},"4":{"loc":{"start":{"line":24,"column":4},"end":{"line":46,"column":null}},"type":"if","locations":[{"start":{"line":24,"column":4},"end":{"line":46,"column":null}}]},"5":{"loc":{"start":{"line":27,"column":6},"end":{"line":30,"column":null}},"type":"if","locations":[{"start":{"line":27,"column":6},"end":{"line":30,"column":null}}]},"6":{"loc":{"start":{"line":33,"column":10},"end":{"line":33,"column":61}},"type":"cond-expr","locations":[{"start":{"line":33,"column":32},"end":{"line":33,"column":57}},{"start":{"line":33,"column":60},"end":{"line":33,"column":61}}]},"7":{"loc":{"start":{"line":34,"column":10},"end":{"line":34,"column":63}},"type":"cond-expr","locations":[{"start":{"line":34,"column":33},"end":{"line":34,"column":59}},{"start":{"line":34,"column":62},"end":{"line":34,"column":63}}]},"8":{"loc":{"start":{"line":38,"column":6},"end":{"line":45,"column":null}},"type":"if","locations":[{"start":{"line":38,"column":6},"end":{"line":45,"column":null}}]}},"s":{"0":1,"1":0,"2":0,"3":0,"4":0,"5":0,"6":0,"7":0,"8":0,"9":0,"10":0,"11":0,"12":0,"13":0,"14":0,"15":0,"16":0,"17":0,"18":0,"19":0,"20":0,"21":0,"22":0,"23":0,"24":0,"25":1},"f":{"0":0,"1":0},"b":{"0":[0],"1":[0],"2":[0],"3":[0],"4":[0],"5":[0],"6":[0,0],"7":[0,0],"8":[0]}}
,"/Users/alexweb/www/Yandex/projects/top-name-game-repo/packages/client/src/components/game/view/sprite/index.ts": {"path":"/Users/alexweb/www/Yandex/projects/top-name-game-repo/packages/client/src/components/game/view/sprite/index.ts","statementMap":{"0":{"start":{"line":1,"column":0},"end":{"line":1,"column":9}},"1":{"start":{"line":1,"column":9},"end":{"line":1,"column":34}}},"fnMap":{"0":{"name":"(anonymous_0)","decl":{"start":{"line":1,"column":9},"end":{"line":1,"column":15}},"loc":{"start":{"line":1,"column":9},"end":{"line":1,"column":34}}}},"branchMap":{},"s":{"0":1,"1":1},"f":{"0":0},"b":{}}
,"/Users/alexweb/www/Yandex/projects/top-name-game-repo/packages/client/src/components/game/view/spriteConfigs/index.ts": {"path":"/Users/alexweb/www/Yandex/projects/top-name-game-repo/packages/client/src/components/game/view/spriteConfigs/index.ts","statementMap":{"0":{"start":{"line":1,"column":0},"end":{"line":1,"column":26}},"1":{"start":{"line":2,"column":0},"end":{"line":2,"column":28}}},"fnMap":{},"branchMap":{},"s":{"0":1,"1":1},"f":{},"b":{}}
,"/Users/alexweb/www/Yandex/projects/top-name-game-repo/packages/client/src/components/game/view/spriteConfigs/playerCfg.ts": {"path":"/Users/alexweb/www/Yandex/projects/top-name-game-repo/packages/client/src/components/game/view/spriteConfigs/playerCfg.ts","statementMap":{"0":{"start":{"line":1,"column":0},"end":{"line":1,"column":48}},"1":{"start":{"line":2,"column":0},"end":{"line":2,"column":59}},"2":{"start":{"line":4,"column":12},"end":{"line":4,"column":23}},"3":{"start":{"line":5,"column":0},"end":{"line":5,"column":20}},"4":{"start":{"line":7,"column":13},"end":{"line":17,"column":null}}},"fnMap":{},"branchMap":{},"s":{"0":1,"1":1,"2":1,"3":1,"4":1},"f":{},"b":{}}
[...]
,"/Users/alexweb/www/Yandex/projects/top-name-game-repo/packages/client/src/layouts/GeneralLayout.tsx": {"path":"/Users/alexweb/www/Yandex/projects/top-name-game-repo/packages/client/src/layouts/GeneralLayout.tsx","statementMap":{"0":{"start":{"line":2,"column":0},"end":{"line":2,"column":null}},"1":{"start":{"line":11,"column":0},"end":{"line":11,"column":39}},"2":{"start":{"line":12,"column":0},"end":{"line":12,"column":37}},"3":{"start":{"line":13,"column":0},"end":{"line":13,"column":57}},"4":{"start":{"line":14,"column":0},"end":{"line":14,"column":55}},"5":{"start":{"line":15,"column":0},"end":{"line":15,"column":48}},"6":{"start":{"line":17,"column":29},"end":{"line":81,"column":1}},"7":{"start":{"line":18,"column":15},"end":{"line":18,"column":24}},"8":{"start":{"line":19,"column":2},"end":{"line":80,"column":null}},"9":{"start":{"line":17,"column":13},"end":{"line":17,"column":29}}},"fnMap":{"0":{"name":"(anonymous_0)","decl":{"start":{"line":17,"column":29},"end":{"line":17,"column":30}},"loc":{"start":{"line":17,"column":77},"end":{"line":81,"column":1}}}},"branchMap":{"0":{"loc":{"start":{"line":33,"column":11},"end":{"line":50,"column":null}},"type":"cond-expr","locations":[{"start":{"line":34,"column":12},"end":{"line":36,"column":null}},{"start":{"line":39,"column":12},"end":{"line":49,"column":null}}]}},"s":{"0":1,"1":1,"2":1,"3":1,"4":1,"5":1,"6":1,"7":1,"8":1,"9":1},"f":{"0":1},"b":{"0":[0,1]}}
,"/Users/alexweb/www/Yandex/projects/top-name-game-repo/packages/client/src/layouts/LoginLayout.tsx": {"path":"/Users/alexweb/www/Yandex/projects/top-name-game-repo/packages/client/src/layouts/LoginLayout.tsx","statementMap":{"0":{"start":{"line":2,"column":0},"end":{"line":2,"column":35}},"1":{"start":{"line":3,"column":0},"end":{"line":3,"column":47}},"2":{"start":{"line":6,"column":2},"end":{"line":19,"column":null}},"3":{"start":{"line":5,"column":0},"end":{"line":5,"column":16}}},"fnMap":{"0":{"name":"LoginLayout","decl":{"start":{"line":5,"column":16},"end":{"line":5,"column":27}},"loc":{"start":{"line":5,"column":71},"end":{"line":20,"column":1}}}},"branchMap":{},"s":{"0":1,"1":1,"2":0,"3":1},"f":{"0":0},"b":{}}
,"/Users/alexweb/www/Yandex/projects/top-name-game-repo/packages/client/src/layouts/index.ts": {"path":"/Users/alexweb/www/Yandex/projects/top-name-game-repo/packages/client/src/layouts/index.ts","statementMap":{"0":{"start":{"line":1,"column":0},"end":{"line":1,"column":9}},"1":{"start":{"line":1,"column":9},"end":{"line":1,"column":47}},"2":{"start":{"line":2,"column":0},"end":{"line":2,"column":9}},"3":{"start":{"line":2,"column":9},"end":{"line":2,"column":43}}},"fnMap":{"0":{"name":"(anonymous_0)","decl":{"start":{"line":1,"column":9},"end":{"line":1,"column":22}},"loc":{"start":{"line":1,"column":9},"end":{"line":1,"column":47}}},"1":{"name":"(anonymous_1)","decl":{"start":{"line":2,"column":9},"end":{"line":2,"column":20}},"loc":{"start":{"line":2,"column":9},"end":{"line":2,"column":43}}}},"branchMap":{},"s":{"0":1,"1":2,"2":1,"3":1},"f":{"0":1,"1":0},"b":{}}
,"/Users/alexweb/www/Yandex/projects/top-name-game-repo/packages/client/src/pages/GamePage.tsx": {"path":"/Users/alexweb/www/Yandex/projects/top-name-game-repo/packages/client/src/pages/GamePage.tsx","statementMap":{"0":{"start":{"line":3,"column":0},"end":{"line":3,"column":59}},"1":{"start":{"line":4,"column":0},"end":{"line":4,"column":42}},"2":{"start":{"line":6,"column":24},"end":{"line":12,"column":1}},"3":{"start":{"line":7,"column":2},"end":{"line":11,"column":null}},"4":{"start":{"line":6,"column":13},"end":{"line":6,"column":24}}},"fnMap":{"0":{"name":"(anonymous_0)","decl":{"start":{"line":6,"column":24},"end":{"line":6,"column":27}},"loc":{"start":{"line":6,"column":29},"end":{"line":12,"column":1}}}},"branchMap":{},"s":{"0":1,"1":1,"2":1,"3":0,"4":1},"f":{"0":0},"b":{}}
,"/Users/alexweb/www/Yandex/projects/top-name-game-repo/packages/client/src/pages/LeaderBoardPage.tsx": {"path":"/Users/alexweb/www/Yandex/projects/top-name-game-repo/packages/client/src/pages/LeaderBoardPage.tsx","statementMap":{"0":{"start":{"line":2,"column":0},"end":{"line":2,"column":null}},"1":{"start":{"line":11,"column":0},"end":{"line":11,"column":42}},"2":{"start":{"line":14,"column":13},"end":{"line":18,"column":null}},"3":{"start":{"line":20,"column":31},"end":{"line":55,"column":1}},"4":{"start":{"line":21,"column":2},"end":{"line":54,"column":null}},"5":{"start":{"line":41,"column":14},"end":{"line":41,"column":null}},"6":{"start":{"line":20,"column":13},"end":{"line":20,"column":31}}},"fnMap":{"0":{"name":"(anonymous_0)","decl":{"start":{"line":20,"column":31},"end":{"line":20,"column":34}},"loc":{"start":{"line":20,"column":36},"end":{"line":55,"column":1}}},"1":{"name":"(anonymous_1)","decl":{"start":{"line":40,"column":22},"end":{"line":40,"column":23}},"loc":{"start":{"line":41,"column":14},"end":{"line":41,"column":null}}}},"branchMap":{},"s":{"0":1,"1":1,"2":1,"3":1,"4":0,"5":0,"6":1},"f":{"0":0,"1":0},"b":{}}
,"/Users/alexweb/www/Yandex/projects/top-name-game-repo/packages/client/src/pages/NotFoundPage.tsx": {"path":"/Users/alexweb/www/Yandex/projects/top-name-game-repo/packages/client/src/pages/NotFoundPage.tsx","statementMap":{"0":{"start":{"line":1,"column":0},"end":{"line":1,"column":55}},"1":{"start":{"line":4,"column":2},"end":{"line":6,"column":null}},"2":{"start":{"line":3,"column":0},"end":{"line":3,"column":16}}},"fnMap":{"0":{"name":"NotFoundPage","decl":{"start":{"line":3,"column":16},"end":{"line":3,"column":28}},"loc":{"start":{"line":3,"column":28},"end":{"line":7,"column":1}}}},"branchMap":{},"s":{"0":1,"1":0,"2":1},"f":{"0":0},"b":{}}
,"/Users/alexweb/www/Yandex/projects/top-name-game-repo/packages/client/src/pages/ProfilePage.tsx": {"path":"/Users/alexweb/www/Yandex/projects/top-name-game-repo/packages/client/src/pages/ProfilePage.tsx","statementMap":{"0":{"start":{"line":2,"column":0},"end":{"line":2,"column":41}},"1":{"start":{"line":3,"column":0},"end":{"line":3,"column":55}},"2":{"start":{"line":4,"column":0},"end":{"line":4,"column":42}},"3":{"start":{"line":6,"column":27},"end":{"line":21,"column":1}},"4":{"start":{"line":7,"column":2},"end":{"line":20,"column":null}},"5":{"start":{"line":6,"column":13},"end":{"line":6,"column":27}}},"fnMap":{"0":{"name":"(anonymous_0)","decl":{"start":{"line":6,"column":27},"end":{"line":6,"column":30}},"loc":{"start":{"line":6,"column":32},"end":{"line":21,"column":1}}}},"branchMap":{},"s":{"0":1,"1":1,"2":1,"3":1,"4":0,"5":1},"f":{"0":0},"b":{}}
,"/Users/alexweb/www/Yandex/projects/top-name-game-repo/packages/client/src/pages/RootPage.tsx": {"path":"/Users/alexweb/www/Yandex/projects/top-name-game-repo/packages/client/src/pages/RootPage.tsx","statementMap":{"0":{"start":{"line":1,"column":0},"end":{"line":1,"column":42}},"1":{"start":{"line":2,"column":0},"end":{"line":2,"column":42}},"2":{"start":{"line":4,"column":24},"end":{"line":12,"column":1}},"3":{"start":{"line":5,"column":2},"end":{"line":11,"column":null}},"4":{"start":{"line":4,"column":13},"end":{"line":4,"column":24}}},"fnMap":{"0":{"name":"(anonymous_0)","decl":{"start":{"line":4,"column":24},"end":{"line":4,"column":27}},"loc":{"start":{"line":4,"column":29},"end":{"line":12,"column":1}}}},"branchMap":{},"s":{"0":1,"1":1,"2":1,"3":1,"4":1},"f":{"0":1},"b":{}}
,"/Users/alexweb/www/Yandex/projects/top-name-game-repo/packages/client/src/pages/SignInPage.tsx": {"path":"/Users/alexweb/www/Yandex/projects/top-name-game-repo/packages/client/src/pages/SignInPage.tsx","statementMap":{"0":{"start":{"line":2,"column":0},"end":{"line":2,"column":54}},"1":{"start":{"line":3,"column":0},"end":{"line":3,"column":53}},"2":{"start":{"line":4,"column":0},"end":{"line":4,"column":49}},"3":{"start":{"line":5,"column":0},"end":{"line":5,"column":40}},"4":{"start":{"line":6,"column":0},"end":{"line":6,"column":37}},"5":{"start":{"line":9,"column":2},"end":{"line":23,"column":null}},"6":{"start":{"line":8,"column":0},"end":{"line":8,"column":16}}},"fnMap":{"0":{"name":"SignInPage","decl":{"start":{"line":8,"column":16},"end":{"line":8,"column":26}},"loc":{"start":{"line":8,"column":26},"end":{"line":24,"column":1}}}},"branchMap":{},"s":{"0":1,"1":1,"2":1,"3":1,"4":1,"5":0,"6":1},"f":{"0":0},"b":{}}
,"/Users/alexweb/www/Yandex/projects/top-name-game-repo/packages/client/src/pages/SignUpPage.tsx": {"path":"/Users/alexweb/www/Yandex/projects/top-name-game-repo/packages/client/src/pages/SignUpPage.tsx","statementMap":{"0":{"start":{"line":2,"column":0},"end":{"line":2,"column":54}},"1":{"start":{"line":3,"column":0},"end":{"line":3,"column":53}},"2":{"start":{"line":4,"column":0},"end":{"line":4,"column":49}},"3":{"start":{"line":5,"column":0},"end":{"line":5,"column":40}},"4":{"start":{"line":6,"column":0},"end":{"line":6,"column":37}},"5":{"start":{"line":9,"column":2},"end":{"line":23,"column":null}},"6":{"start":{"line":8,"column":0},"end":{"line":8,"column":16}}},"fnMap":{"0":{"name":"SignUpPage","decl":{"start":{"line":8,"column":16},"end":{"line":8,"column":26}},"loc":{"start":{"line":8,"column":26},"end":{"line":24,"column":1}}}},"branchMap":{},"s":{"0":1,"1":1,"2":1,"3":1,"4":1,"5":0,"6":1},"f":{"0":0},"b":{}}
,"/Users/alexweb/www/Yandex/projects/top-name-game-repo/packages/client/src/pages/index.ts": {"path":"/Users/alexweb/www/Yandex/projects/top-name-game-repo/packages/client/src/pages/index.ts","statementMap":{"0":{"start":{"line":1,"column":0},"end":{"line":1,"column":9}},"1":{"start":{"line":1,"column":9},"end":{"line":1,"column":51}},"2":{"start":{"line":2,"column":0},"end":{"line":2,"column":9}},"3":{"start":{"line":2,"column":9},"end":{"line":2,"column":45}},"4":{"start":{"line":3,"column":0},"end":{"line":3,"column":9}},"5":{"start":{"line":3,"column":9},"end":{"line":3,"column":43}},"6":{"start":{"line":4,"column":0},"end":{"line":4,"column":9}},"7":{"start":{"line":4,"column":9},"end":{"line":4,"column":37}},"8":{"start":{"line":5,"column":0},"end":{"line":5,"column":9}},"9":{"start":{"line":5,"column":9},"end":{"line":5,"column":41}},"10":{"start":{"line":6,"column":0},"end":{"line":6,"column":9}},"11":{"start":{"line":6,"column":9},"end":{"line":6,"column":41}},"12":{"start":{"line":7,"column":0},"end":{"line":7,"column":9}},"13":{"start":{"line":7,"column":9},"end":{"line":7,"column":37}}},"fnMap":{"0":{"name":"(anonymous_0)","decl":{"start":{"line":1,"column":9},"end":{"line":1,"column":24}},"loc":{"start":{"line":1,"column":9},"end":{"line":1,"column":51}}},"1":{"name":"(anonymous_1)","decl":{"start":{"line":2,"column":9},"end":{"line":2,"column":21}},"loc":{"start":{"line":2,"column":9},"end":{"line":2,"column":45}}},"2":{"name":"(anonymous_2)","decl":{"start":{"line":3,"column":9},"end":{"line":3,"column":20}},"loc":{"start":{"line":3,"column":9},"end":{"line":3,"column":43}}},"3":{"name":"(anonymous_3)","decl":{"start":{"line":4,"column":9},"end":{"line":4,"column":17}},"loc":{"start":{"line":4,"column":9},"end":{"line":4,"column":37}}},"4":{"name":"(anonymous_4)","decl":{"start":{"line":5,"column":9},"end":{"line":5,"column":19}},"loc":{"start":{"line":5,"column":9},"end":{"line":5,"column":41}}},"5":{"name":"(anonymous_5)","decl":{"start":{"line":6,"column":9},"end":{"line":6,"column":19}},"loc":{"start":{"line":6,"column":9},"end":{"line":6,"column":41}}},"6":{"name":"(anonymous_6)","decl":{"start":{"line":7,"column":9},"end":{"line":7,"column":17}},"loc":{"start":{"line":7,"column":9},"end":{"line":7,"column":37}}}},"branchMap":{},"s":{"0":1,"1":2,"2":1,"3":2,"4":1,"5":2,"6":1,"7":2,"8":1,"9":2,"10":1,"11":2,"12":1,"13":2},"f":{"0":1,"1":1,"2":1,"3":1,"4":1,"5":1,"6":1},"b":{}}
,"/Users/alexweb/www/Yandex/projects/top-name-game-repo/packages/client/src/store/constants.ts": {"path":"/Users/alexweb/www/Yandex/projects/top-name-game-repo/packages/client/src/store/constants.ts","statementMap":{"0":{"start":{"line":3,"column":13},"end":{"line":16,"column":null}}},"fnMap":{},"branchMap":{},"s":{"0":6},"f":{},"b":{}}
,"/Users/alexweb/www/Yandex/projects/top-name-game-repo/packages/client/src/store/index.ts": {"path":"/Users/alexweb/www/Yandex/projects/top-name-game-repo/packages/client/src/store/index.ts","statementMap":{"0":{"start":{"line":1,"column":0},"end":{"line":1,"column":40}},"1":{"start":{"line":2,"column":0},"end":{"line":2,"column":50}},"2":{"start":{"line":4,"column":26},"end":{"line":8,"column":1}},"3":{"start":{"line":5,"column":2},"end":{"line":7,"column":null}},"4":{"start":{"line":4,"column":13},"end":{"line":4,"column":26}}},"fnMap":{"0":{"name":"(anonymous_0)","decl":{"start":{"line":4,"column":26},"end":{"line":4,"column":29}},"loc":{"start":{"line":4,"column":31},"end":{"line":8,"column":1}}}},"branchMap":{},"s":{"0":1,"1":1,"2":1,"3":1,"4":1},"f":{"0":1},"b":{}}
,"/Users/alexweb/www/Yandex/projects/top-name-game-repo/packages/client/src/store/actions/changeUserProfileAction.ts": {"path":"/Users/alexweb/www/Yandex/projects/top-name-game-repo/packages/client/src/store/actions/changeUserProfileAction.ts","statementMap":{"0":{"start":{"line":1,"column":0},"end":{"line":1,"column":42}},"1":{"start":{"line":3,"column":0},"end":{"line":3,"column":50}},"2":{"start":{"line":5,"column":13},"end":{"line":17,"column":null}},"3":{"start":{"line":10,"column":4},"end":{"line":15,"column":null}},"4":{"start":{"line":11,"column":23},"end":{"line":11,"column":68}},"5":{"start":{"line":12,"column":6},"end":{"line":12,"column":null}},"6":{"start":{"line":14,"column":6},"end":{"line":14,"column":null}}},"fnMap":{"0":{"name":"(anonymous_0)","decl":{"start":{"line":9,"column":2},"end":{"line":9,"column":7}},"loc":{"start":{"line":9,"column":51},"end":{"line":16,"column":3}}}},"branchMap":{},"s":{"0":8,"1":8,"2":8,"3":2,"4":2,"5":2,"6":1},"f":{"0":2},"b":{}}
,"/Users/alexweb/www/Yandex/projects/top-name-game-repo/packages/client/src/store/actions/index.ts": {"path":"/Users/alexweb/www/Yandex/projects/top-name-game-repo/packages/client/src/store/actions/index.ts","statementMap":{"0":{"start":{"line":1,"column":0},"end":{"line":1,"column":42}},"1":{"start":{"line":2,"column":0},"end":{"line":2,"column":62}},"2":{"start":{"line":4,"column":0},"end":{"line":7,"column":null}}},"fnMap":{},"branchMap":{},"s":{"0":8,"1":8,"2":8},"f":{},"b":{}}
,"/Users/alexweb/www/Yandex/projects/top-name-game-repo/packages/client/src/store/actions/userAction.ts": {"path":"/Users/alexweb/www/Yandex/projects/top-name-game-repo/packages/client/src/store/actions/userAction.ts","statementMap":{"0":{"start":{"line":1,"column":0},"end":{"line":1,"column":44}},"1":{"start":{"line":2,"column":0},"end":{"line":2,"column":52}},"2":{"start":{"line":5,"column":13},"end":{"line":17,"column":null}},"3":{"start":{"line":10,"column":4},"end":{"line":15,"column":null}},"4":{"start":{"line":11,"column":23},"end":{"line":11,"column":43}},"5":{"start":{"line":12,"column":6},"end":{"line":12,"column":null}},"6":{"start":{"line":14,"column":6},"end":{"line":14,"column":null}}},"fnMap":{"0":{"name":"(anonymous_0)","decl":{"start":{"line":9,"column":2},"end":{"line":9,"column":7}},"loc":{"start":{"line":9,"column":24},"end":{"line":16,"column":3}}}},"branchMap":{},"s":{"0":8,"1":8,"2":8,"3":2,"4":2,"5":2,"6":1},"f":{"0":2},"b":{}}
,"/Users/alexweb/www/Yandex/projects/top-name-game-repo/packages/client/src/store/reducers/changeUserProfileSlice.ts": {"path":"/Users/alexweb/www/Yandex/projects/top-name-game-repo/packages/client/src/store/reducers/changeUserProfileSlice.ts","statementMap":{"0":{"start":{"line":1,"column":0},"end":{"line":1,"column":45}},"1":{"start":{"line":2,"column":0},"end":{"line":2,"column":69}},"2":{"start":{"line":3,"column":0},"end":{"line":3,"column":42}},"3":{"start":{"line":5,"column":13},"end":{"line":27,"column":null}},"4":{"start":{"line":10,"column":4},"end":{"line":25,"column":null}},"5":{"start":{"line":12,"column":8},"end":{"line":12,"column":null}},"6":{"start":{"line":13,"column":8},"end":{"line":13,"column":null}},"7":{"start":{"line":14,"column":8},"end":{"line":14,"column":null}},"8":{"start":{"line":17,"column":8},"end":{"line":17,"column":null}},"9":{"start":{"line":18,"column":8},"end":{"line":18,"column":null}},"10":{"start":{"line":19,"column":8},"end":{"line":19,"column":null}},"11":{"start":{"line":22,"column":8},"end":{"line":22,"column":null}},"12":{"start":{"line":23,"column":8},"end":{"line":23,"column":null}},"13":{"start":{"line":24,"column":8},"end":{"line":24,"column":null}},"14":{"start":{"line":29,"column":13},"end":{"line":29,"column":null}}},"fnMap":{"0":{"name":"(anonymous_0)","decl":{"start":{"line":9,"column":17},"end":{"line":9,"column":18}},"loc":{"start":{"line":9,"column":29},"end":{"line":26,"column":3}}},"1":{"name":"(anonymous_1)","decl":{"start":{"line":11,"column":42},"end":{"line":11,"column":43}},"loc":{"start":{"line":11,"column":52},"end":{"line":15,"column":7}}},"2":{"name":"(anonymous_2)","decl":{"start":{"line":16,"column":44},"end":{"line":16,"column":45}},"loc":{"start":{"line":16,"column":62},"end":{"line":20,"column":7}}},"3":{"name":"(anonymous_3)","decl":{"start":{"line":21,"column":43},"end":{"line":21,"column":44}},"loc":{"start":{"line":21,"column":61},"end":{"line":25,"column":7}}}},"branchMap":{},"s":{"0":2,"1":2,"2":2,"3":2,"4":2,"5":1,"6":1,"7":1,"8":1,"9":1,"10":1,"11":1,"12":1,"13":1,"14":2},"f":{"0":2,"1":1,"2":1,"3":1},"b":{}}
,"/Users/alexweb/www/Yandex/projects/top-name-game-repo/packages/client/src/store/reducers/index.ts": {"path":"/Users/alexweb/www/Yandex/projects/top-name-game-repo/packages/client/src/store/reducers/index.ts","statementMap":{"0":{"start":{"line":1,"column":0},"end":{"line":1,"column":40}},"1":{"start":{"line":2,"column":0},"end":{"line":2,"column":42}},"2":{"start":{"line":3,"column":0},"end":{"line":3,"column":68}},"3":{"start":{"line":6,"column":13},"end":{"line":9,"column":null}}},"fnMap":{},"branchMap":{},"s":{"0":1,"1":1,"2":1,"3":1},"f":{},"b":{}}
,"/Users/alexweb/www/Yandex/projects/top-name-game-repo/packages/client/src/store/reducers/userSlice.ts": {"path":"/Users/alexweb/www/Yandex/projects/top-name-game-repo/packages/client/src/store/reducers/userSlice.ts","statementMap":{"0":{"start":{"line":1,"column":0},"end":{"line":1,"column":47}},"1":{"start":{"line":2,"column":0},"end":{"line":2,"column":48}},"2":{"start":{"line":3,"column":0},"end":{"line":3,"column":42}},"3":{"start":{"line":5,"column":13},"end":{"line":27,"column":null}},"4":{"start":{"line":10,"column":4},"end":{"line":25,"column":null}},"5":{"start":{"line":12,"column":8},"end":{"line":12,"column":null}},"6":{"start":{"line":13,"column":8},"end":{"line":13,"column":null}},"7":{"start":{"line":14,"column":8},"end":{"line":14,"column":null}},"8":{"start":{"line":17,"column":8},"end":{"line":17,"column":null}},"9":{"start":{"line":18,"column":8},"end":{"line":18,"column":null}},"10":{"start":{"line":19,"column":8},"end":{"line":19,"column":null}},"11":{"start":{"line":22,"column":8},"end":{"line":22,"column":null}},"12":{"start":{"line":23,"column":8},"end":{"line":23,"column":null}},"13":{"start":{"line":24,"column":8},"end":{"line":24,"column":null}},"14":{"start":{"line":29,"column":13},"end":{"line":29,"column":null}}},"fnMap":{"0":{"name":"(anonymous_0)","decl":{"start":{"line":9,"column":17},"end":{"line":9,"column":18}},"loc":{"start":{"line":9,"column":29},"end":{"line":26,"column":3}}},"1":{"name":"(anonymous_1)","decl":{"start":{"line":11,"column":34},"end":{"line":11,"column":35}},"loc":{"start":{"line":11,"column":44},"end":{"line":15,"column":7}}},"2":{"name":"(anonymous_2)","decl":{"start":{"line":16,"column":36},"end":{"line":16,"column":37}},"loc":{"start":{"line":16,"column":54},"end":{"line":20,"column":7}}},"3":{"name":"(anonymous_3)","decl":{"start":{"line":21,"column":35},"end":{"line":21,"column":36}},"loc":{"start":{"line":21,"column":53},"end":{"line":25,"column":7}}}},"branchMap":{},"s":{"0":2,"1":2,"2":2,"3":2,"4":2,"5":1,"6":1,"7":1,"8":1,"9":1,"10":1,"11":1,"12":1,"13":1,"14":2},"f":{"0":2,"1":1,"2":1,"3":1},"b":{}}
}
