TN:
SF:mocks/fileMock.js
FNF:0
FNH:0
LF:0
LH:0
BRF:0
BRH:0
end_of_record
TN:
SF:src/App.tsx
FN:17,App
FN:18,(anonymous_1)
FNF:2
FNH:1
FNDA:1,App
FNDA:0,(anonymous_1)
DA:1,1
DA:2,1
DA:3,1
DA:4,1
DA:5,1
DA:6,1
DA:7,1
DA:8,1
DA:9,1
DA:10,1
DA:11,1
DA:13,1
DA:14,1
DA:15,1
DA:18,1
DA:19,0
DA:22,1
DA:39,1
LF:18
LH:17
BRF:0
BRH:0
end_of_record
TN:
SF:src/ProtectedRoutes.tsx
FN:6,(anonymous_0)
FNF:1
FNH:0
FNDA:0,(anonymous_0)
DA:1,1
DA:2,1
DA:3,1
DA:4,1
DA:6,1
DA:7,0
DA:8,0
DA:10,0
DA:11,0
DA:14,0
DA:19,0
DA:22,0
LF:12
LH:5
BRDA:10,0,0,0
BRDA:14,1,0,0
BRF:2
BRH:0
end_of_record
TN:
SF:src/PublicRoutes.tsx
FN:6,(anonymous_0)
FNF:1
FNH:0
FNDA:0,(anonymous_0)
DA:1,1
DA:2,1
DA:3,1
DA:4,1
DA:6,1
DA:7,0
DA:9,0
DA:10,0
DA:13,0
DA:14,0
DA:17,0
LF:11
LH:5
BRDA:9,0,0,0
BRDA:13,1,0,0
BRF:2
BRH:0
end_of_record
TN:
SF:src/Router.tsx
FN:7,(anonymous_0)
FNF:1
FNH:1
FNDA:1,(anonymous_0)
DA:1,1
DA:2,1
DA:3,1
DA:4,1
DA:5,1
DA:7,1
DA:8,1
LF:7
LH:7
BRF:0
BRH:0
end_of_record
TN:
SF:src/serviceWorkersRegistration.ts
FN:1,(anonymous_0)
FN:3,(anonymous_1)
FN:6,(anonymous_2)
FN:12,(anonymous_3)
FNF:4
FNH:0
FNDA:0,(anonymous_0)
FNDA:0,(anonymous_1)
FNDA:0,(anonymous_2)
FNDA:0,(anonymous_3)
DA:1,1
DA:2,0
DA:3,0
DA:4,0
DA:7,0
DA:13,0
LF:6
LH:1
BRDA:2,0,0,0
BRDA:2,1,0,0
BRDA:2,1,1,0
BRF:3
BRH:0
end_of_record
TN:
SF:src/api/AuthApi.ts
FN:6,(anonymous_0)
FN:9,(anonymous_1)
FN:13,(anonymous_2)
FN:17,(anonymous_3)
FNF:4
FNH:0
FNDA:0,(anonymous_0)
FNDA:0,(anonymous_1)
FNDA:0,(anonymous_2)
FNDA:0,(anonymous_3)
DA:1,8
DA:5,8
DA:6,8
DA:7,0
DA:10,0
DA:14,0
DA:18,0
LF:7
LH:3
BRF:0
BRH:0
end_of_record
TN:
SF:src/api/GameApi.ts
FN:5,(anonymous_0)
FNF:1
FNH:1
FNDA:1,(anonymous_0)
DA:2,1
DA:4,1
DA:5,1
LF:3
LH:3
BRF:0
BRH:0
end_of_record
TN:
SF:src/api/UsersAPI.ts
FN:7,(anonymous_0)
FN:11,(anonymous_1)
FN:15,(anonymous_2)
FN:19,(anonymous_3)
FNF:4
FNH:0
FNDA:0,(anonymous_0)
FNDA:0,(anonymous_1)
FNDA:0,(anonymous_2)
FNDA:0,(anonymous_3)
DA:1,9
DA:7,9
DA:8,0
DA:11,9
DA:12,0
DA:15,9
DA:16,0
DA:19,9
DA:20,0
DA:25,9
LF:10
LH:6
BRF:0
BRH:0
end_of_record
TN:
SF:src/api/api.ts
FN:8,(anonymous_0)
FN:15,(anonymous_1)
FN:26,(anonymous_2)
FNF:3
FNH:2
FNDA:8,(anonymous_0)
FNDA:0,(anonymous_1)
FNDA:8,(anonymous_2)
DA:1,8
DA:3,8
DA:8,8
DA:9,8
DA:10,8
DA:15,8
DA:16,0
DA:17,0
DA:19,0
DA:23,8
DA:26,8
DA:27,8
DA:28,8
DA:36,8
DA:39,8
DA:40,8
LF:16
LH:13
BRDA:9,0,0,8
BRDA:16,1,0,0
BRDA:27,2,0,8
BRF:3
BRH:2
end_of_record
TN:
SF:src/api/axiosInstance.ts
FNF:0
FNH:0
DA:1,9
DA:3,9
DA:5,9
DA:11,9
LF:4
LH:4
BRF:0
BRH:0
end_of_record
TN:
SF:src/components/DefaultStub.tsx
FN:13,(anonymous_0)
FNF:1
FNH:0
FNDA:0,(anonymous_0)
DA:2,1
DA:3,1
DA:4,1
DA:13,1
DA:19,0
LF:5
LH:4
BRDA:14,0,0,0
BRDA:15,1,0,0
BRDA:30,2,0,0
BRDA:30,2,1,0
BRDA:31,3,0,0
BRDA:31,3,1,0
BRF:6
BRH:0
end_of_record
TN:
SF:src/components/ErrorBoundary.tsx
FN:9,(anonymous_0)
FN:13,(anonymous_1)
FN:18,(anonymous_2)
FN:22,(anonymous_3)
FN:28,(anonymous_4)
FNF:5
FNH:2
FNDA:0,(anonymous_0)
FNDA:1,(anonymous_1)
FNDA:0,(anonymous_2)
FNDA:0,(anonymous_3)
FNDA:1,(anonymous_4)
DA:1,1
DA:8,1
DA:10,0
DA:14,1
DA:15,1
DA:19,0
DA:23,0
DA:24,0
DA:29,1
DA:30,0
DA:34,1
LF:11
LH:6
BRDA:23,0,0,0
BRDA:29,1,0,0
BRDA:30,2,0,0
BRDA:30,2,1,0
BRF:4
BRH:0
end_of_record
TN:
SF:src/components/FormServerError.tsx
FN:8,FormServerError
FNF:1
FNH:0
FNDA:0,FormServerError
DA:2,1
DA:8,1
DA:9,0
LF:3
LH:2
BRF:0
BRH:0
end_of_record
TN:
SF:src/components/HeaderLinks.tsx
FN:7,(anonymous_0)
FNF:1
FNH:0
FNDA:0,(anonymous_0)
DA:2,1
DA:3,1
DA:4,1
DA:5,1
DA:7,1
DA:8,0
DA:9,0
DA:11,0
LF:8
LH:5
BRF:0
BRH:0
end_of_record
TN:
SF:src/components/LoadingStub.tsx
FN:4,(anonymous_0)
FNF:1
FNH:0
FNDA:0,(anonymous_0)
DA:2,1
DA:4,1
DA:5,0
LF:3
LH:2
BRF:0
BRH:0
end_of_record
TN:
SF:src/components/UserDropdown.tsx
FN:19,(anonymous_0)
FN:21,(anonymous_1)
FN:26,(anonymous_2)
FN:30,(anonymous_3)
FN:77,(anonymous_4)
FNF:5
FNH:0
FNDA:0,(anonymous_0)
FNDA:0,(anonymous_1)
FNDA:0,(anonymous_2)
FNDA:0,(anonymous_3)
FNDA:0,(anonymous_4)
DA:1,1
DA:2,1
DA:13,1
DA:14,1
DA:15,1
DA:16,1
DA:17,1
DA:19,1
DA:20,0
DA:21,0
DA:22,0
DA:26,0
DA:27,0
DA:30,0
DA:31,0
DA:34,0
DA:77,0
LF:17
LH:8
BRDA:39,0,0,0
BRDA:39,0,1,0
BRDA:40,1,0,0
BRDA:40,1,1,0
BRF:4
BRH:0
end_of_record
TN:
SF:src/components/game/constants.ts
FN:2,(anonymous_0)
FN:15,(anonymous_1)
FN:19,(anonymous_2)
FN:28,(anonymous_3)
FNF:4
FNH:4
FNDA:1,(anonymous_0)
FNDA:1,(anonymous_1)
FNDA:1,(anonymous_2)
FNDA:1,(anonymous_3)
DA:1,1
DA:2,1
DA:3,1
DA:4,1
DA:5,1
DA:6,1
DA:7,1
DA:8,1
DA:9,1
DA:10,1
DA:11,1
DA:14,1
DA:15,1
DA:16,1
DA:17,1
DA:19,1
DA:20,1
DA:21,1
DA:22,1
DA:23,1
DA:24,1
DA:25,1
DA:28,1
DA:29,1
DA:30,1
DA:31,1
DA:32,1
DA:33,1
LF:28
LH:28
BRDA:2,0,0,1
BRDA:2,0,1,1
BRDA:15,1,0,1
BRDA:15,1,1,1
BRDA:19,2,0,1
BRDA:19,2,1,1
BRDA:28,3,0,1
BRDA:28,3,1,1
BRF:8
BRH:8
end_of_record
TN:
SF:src/components/game/model/GameModel.ts
FN:20,(anonymous_0)
FN:25,(anonymous_1)
FN:31,(anonymous_2)
FN:35,(anonymous_3)
FN:53,(anonymous_4)
FN:62,(anonymous_5)
FN:73,(anonymous_6)
FN:80,(anonymous_7)
FN:85,(anonymous_8)
FN:89,(anonymous_9)
FN:102,(anonymous_10)
FN:214,(anonymous_11)
FN:221,(anonymous_12)
FN:229,(anonymous_13)
FN:234,(anonymous_14)
FN:238,(anonymous_15)
FN:246,(anonymous_16)
FN:255,(anonymous_17)
FN:258,(anonymous_18)
FNF:19
FNH:1
FNDA:1,(anonymous_0)
FNDA:0,(anonymous_1)
FNDA:0,(anonymous_2)
FNDA:0,(anonymous_3)
FNDA:0,(anonymous_4)
FNDA:0,(anonymous_5)
FNDA:0,(anonymous_6)
FNDA:0,(anonymous_7)
FNDA:0,(anonymous_8)
FNDA:0,(anonymous_9)
FNDA:0,(anonymous_10)
FNDA:0,(anonymous_11)
FNDA:0,(anonymous_12)
FNDA:0,(anonymous_13)
FNDA:0,(anonymous_14)
FNDA:0,(anonymous_15)
FNDA:0,(anonymous_16)
FNDA:0,(anonymous_17)
FNDA:0,(anonymous_18)
DA:1,1
DA:2,1
DA:3,1
DA:4,1
DA:6,1
DA:8,1
DA:11,1
DA:13,1
DA:16,1
DA:21,1
DA:22,1
DA:25,1
DA:26,0
DA:27,0
DA:30,1
DA:31,1
DA:32,0
DA:33,0
DA:34,0
DA:35,0
DA:36,0
DA:37,0
DA:38,0
DA:39,0
DA:41,0
DA:42,0
DA:43,0
DA:44,0
DA:46,0
DA:48,0
DA:54,0
DA:55,0
DA:56,0
DA:57,0
DA:58,0
DA:63,0
DA:64,0
DA:65,0
DA:66,0
DA:67,0
DA:69,0
DA:74,0
DA:75,0
DA:77,0
DA:81,0
DA:82,0
DA:86,0
DA:90,0
DA:91,0
DA:92,0
DA:93,0
DA:94,0
DA:95,0
DA:96,0
DA:97,0
DA:98,0
DA:103,0
DA:104,0
DA:105,0
DA:106,0
DA:107,0
DA:109,0
DA:110,0
DA:111,0
DA:112,0
DA:114,0
DA:115,0
DA:116,0
DA:117,0
DA:119,0
DA:120,0
DA:121,0
DA:122,0
DA:123,0
DA:126,0
DA:127,0
DA:128,0
DA:129,0
DA:130,0
DA:132,0
DA:133,0
DA:134,0
DA:138,0
DA:139,0
DA:142,0
DA:144,0
DA:148,0
DA:149,0
DA:151,0
DA:155,0
DA:157,0
DA:160,0
DA:161,0
DA:162,0
DA:166,0
DA:167,0
DA:168,0
DA:169,0
DA:171,0
DA:175,0
DA:176,0
DA:177,0
DA:178,0
DA:179,0
DA:180,0
DA:181,0
DA:184,0
DA:188,0
DA:190,0
DA:193,0
DA:194,0
DA:197,0
DA:198,0
DA:200,0
DA:201,0
DA:207,0
DA:208,0
DA:210,0
DA:211,0
DA:215,0
DA:216,0
DA:217,0
DA:222,0
DA:223,0
DA:225,0
DA:230,0
DA:235,0
DA:239,0
DA:240,0
DA:247,0
DA:248,0
DA:249,0
DA:250,0
DA:251,0
DA:256,0
DA:259,0
DA:264,1
LF:137
LH:15
BRDA:38,0,0,0
BRDA:41,1,0,0
BRDA:41,1,1,0
BRDA:41,2,0,0
BRDA:41,2,1,0
BRDA:42,3,0,0
BRDA:46,4,0,0
BRDA:46,4,1,0
BRDA:57,5,0,0
BRDA:65,6,0,0
BRDA:65,6,1,0
BRDA:65,7,0,0
BRDA:65,7,1,0
BRDA:74,8,0,0
BRDA:91,9,0,0
BRDA:91,9,1,0
BRDA:95,10,0,0
BRDA:106,11,0,0
BRDA:119,12,0,0
BRDA:120,13,0,0
BRDA:126,14,0,0
BRDA:127,15,0,0
BRDA:128,16,0,0
BRDA:132,17,0,0
BRDA:138,18,0,0
BRDA:139,19,0,0
BRDA:139,19,1,0
BRDA:139,20,0,0
BRDA:139,20,1,0
BRDA:148,21,0,0
BRDA:149,22,0,0
BRDA:149,23,0,0
BRDA:149,23,1,0
BRDA:155,24,0,0
BRDA:157,25,0,0
BRDA:157,25,1,0
BRDA:157,25,2,0
BRDA:157,25,3,0
BRDA:157,25,4,0
BRDA:168,26,0,0
BRDA:175,27,0,0
BRDA:179,28,0,0
BRDA:190,29,0,0
BRDA:190,29,1,0
BRDA:190,29,2,0
BRDA:190,29,3,0
BRDA:190,29,4,0
BRDA:190,29,5,0
BRDA:193,30,0,0
BRDA:193,30,1,0
BRDA:217,31,0,0
BRDA:217,31,1,0
BRDA:222,32,0,0
BRDA:222,33,0,0
BRDA:222,33,1,0
BRDA:222,33,2,0
BRDA:222,33,3,0
BRDA:238,34,0,0
BRDA:246,35,0,0
BRF:59
BRH:0
end_of_record
TN:
SF:src/components/game/model/Runner.ts
FN:12,(anonymous_0)
FN:16,(anonymous_1)
FN:21,(anonymous_2)
FN:33,(anonymous_3)
FN:37,(anonymous_4)
FN:61,(anonymous_5)
FN:77,(anonymous_6)
FN:92,(anonymous_7)
FN:96,(anonymous_8)
FN:100,(anonymous_9)
FN:104,(anonymous_10)
FNF:11
FNH:2
FNDA:1,(anonymous_0)
FNDA:1,(anonymous_1)
FNDA:0,(anonymous_2)
FNDA:0,(anonymous_3)
FNDA:0,(anonymous_4)
FNDA:0,(anonymous_5)
FNDA:0,(anonymous_6)
FNDA:0,(anonymous_7)
FNDA:0,(anonymous_8)
FNDA:0,(anonymous_9)
FNDA:0,(anonymous_10)
DA:2,1
DA:4,1
DA:7,1
DA:8,1
DA:10,1
DA:13,1
DA:17,1
DA:18,1
DA:22,0
DA:23,0
DA:24,0
DA:25,0
DA:27,0
DA:28,0
DA:34,0
DA:38,0
DA:39,0
DA:40,0
DA:41,0
DA:42,0
DA:44,0
DA:45,0
DA:47,0
DA:48,0
DA:50,0
DA:51,0
DA:54,0
DA:55,0
DA:58,0
DA:62,0
DA:64,0
DA:66,0
DA:68,0
DA:71,0
DA:73,0
DA:78,0
DA:80,0
DA:82,0
DA:84,0
DA:87,0
DA:89,0
DA:93,0
DA:97,0
DA:101,0
DA:105,0
DA:109,1
LF:46
LH:9
BRDA:12,0,0,1
BRDA:22,1,0,0
BRDA:24,2,0,0
BRDA:27,3,0,0
BRDA:42,4,0,0
BRDA:42,4,1,0
BRDA:42,4,2,0
BRDA:42,4,3,0
BRDA:42,4,4,0
BRDA:42,4,5,0
BRDA:62,5,0,0
BRDA:62,5,1,0
BRDA:62,5,2,0
BRDA:62,5,3,0
BRDA:62,5,4,0
BRDA:62,5,5,0
BRDA:78,6,0,0
BRDA:78,6,1,0
BRDA:78,6,2,0
BRDA:78,6,3,0
BRDA:78,6,4,0
BRF:21
BRH:1
end_of_record
TN:
SF:src/components/game/model/index.ts
FNF:0
FNH:0
DA:1,1
DA:2,1
DA:3,1
LF:3
LH:3
BRF:0
BRH:0
end_of_record
TN:
SF:src/components/game/model/types.ts
FN:21,(anonymous_0)
FNF:1
FNH:1
FNDA:1,(anonymous_0)
DA:21,1
DA:22,1
DA:23,1
DA:24,1
DA:25,1
DA:26,1
LF:6
LH:6
BRDA:21,0,0,1
BRDA:21,0,1,1
BRF:2
BRH:2
end_of_record
TN:
SF:src/components/game/utils/EventBus.ts
FN:10,(anonymous_0)
FN:14,(anonymous_1)
FN:21,(anonymous_2)
FN:26,(anonymous_3)
FN:29,(anonymous_4)
FN:34,(anonymous_5)
FNF:6
FNH:1
FNDA:1,(anonymous_0)
FNDA:0,(anonymous_1)
FNDA:0,(anonymous_2)
FNDA:0,(anonymous_3)
FNDA:0,(anonymous_4)
FNDA:0,(anonymous_5)
DA:4,1
DA:8,1
DA:11,1
DA:15,0
DA:16,0
DA:18,0
DA:22,0
DA:24,0
DA:26,0
DA:30,0
DA:32,0
DA:34,0
LF:12
LH:3
BRDA:15,0,0,0
BRDA:22,1,0,0
BRDA:30,2,0,0
BRF:3
BRH:0
end_of_record
TN:
SF:src/components/game/view/GameView.tsx
FN:14,(anonymous_0)
FN:21,(anonymous_1)
FN:34,(anonymous_2)
FN:35,(anonymous_3)
FN:50,(anonymous_4)
FN:63,(anonymous_5)
FN:77,(anonymous_6)
FN:92,(anonymous_7)
FN:99,(anonymous_8)
FNF:9
FNH:0
FNDA:0,(anonymous_0)
FNDA:0,(anonymous_1)
FNDA:0,(anonymous_2)
FNDA:0,(anonymous_3)
FNDA:0,(anonymous_4)
FNDA:0,(anonymous_5)
FNDA:0,(anonymous_6)
FNDA:0,(anonymous_7)
FNDA:0,(anonymous_8)
DA:1,1
DA:3,1
DA:4,1
DA:5,1
DA:7,1
DA:8,1
DA:9,1
DA:11,1
DA:12,1
DA:14,1
DA:15,0
DA:16,0
DA:18,0
DA:19,0
DA:21,0
DA:28,0
DA:29,0
DA:30,0
DA:31,0
DA:32,0
DA:34,0
DA:35,0
DA:36,0
DA:37,0
DA:38,0
DA:42,0
DA:43,0
DA:44,0
DA:45,0
DA:50,0
DA:51,0
DA:52,0
DA:53,0
DA:54,0
DA:56,0
DA:57,0
DA:58,0
DA:63,0
DA:64,0
DA:65,0
DA:66,0
DA:70,0
DA:71,0
DA:72,0
DA:77,0
DA:78,0
DA:79,0
DA:80,0
DA:81,0
DA:82,0
DA:83,0
DA:85,0
DA:86,0
DA:87,0
DA:88,0
DA:92,0
DA:93,0
DA:94,0
DA:96,0
DA:97,0
DA:98,0
DA:99,0
DA:100,0
DA:101,0
DA:102,0
DA:103,0
DA:107,0
LF:67
LH:10
BRDA:29,0,0,0
BRDA:30,1,0,0
BRDA:36,2,0,0
BRDA:42,3,0,0
BRDA:52,4,0,0
BRDA:56,5,0,0
BRDA:65,6,0,0
BRDA:66,7,0,0
BRDA:67,8,0,0
BRDA:67,8,1,0
BRDA:79,9,0,0
BRDA:79,10,0,0
BRDA:79,10,1,0
BRDA:85,11,0,0
BRF:14
BRH:0
end_of_record
TN:
SF:src/components/game/view/sprite/Sprite.ts
FN:13,(anonymous_0)
FN:20,(anonymous_1)
FNF:2
FNH:0
FNDA:0,(anonymous_0)
FNDA:0,(anonymous_1)
DA:1,1
DA:4,1
DA:5,0
DA:6,0
DA:14,0
DA:15,0
DA:16,0
DA:17,0
DA:21,0
DA:22,0
DA:23,0
DA:24,0
DA:25,0
DA:26,0
DA:27,0
DA:28,0
DA:29,0
DA:31,0
DA:32,0
DA:33,0
DA:34,0
DA:37,0
DA:38,0
DA:39,0
DA:40,0
DA:48,0
LF:26
LH:2
BRDA:13,0,0,0
BRDA:13,1,0,0
BRDA:20,2,0,0
BRDA:20,3,0,0
BRDA:24,4,0,0
BRDA:27,5,0,0
BRDA:33,6,0,0
BRDA:33,6,1,0
BRDA:34,7,0,0
BRDA:34,7,1,0
BRDA:38,8,0,0
BRF:11
BRH:0
end_of_record
TN:
SF:src/components/game/view/sprite/index.ts
FN:1,(anonymous_0)
FNF:1
FNH:0
FNDA:0,(anonymous_0)
DA:1,1
LF:1
LH:1
BRF:0
BRH:0
end_of_record
TN:
SF:src/components/game/view/spriteConfigs/index.ts
FNF:0
FNH:0
DA:1,1
DA:2,1
LF:2
LH:2
BRF:0
BRH:0
end_of_record
TN:
SF:src/components/game/view/spriteConfigs/playerCfg.ts
FNF:0
FNH:0
DA:1,1
DA:2,1
DA:4,1
DA:5,1
DA:7,1
LF:5
LH:5
BRF:0
BRH:0
end_of_record
TN:
SF:src/components/game/view/spriteConfigs/tileCfg.ts
FNF:0
FNH:0
DA:1,1
DA:2,1
DA:4,1
DA:5,1
DA:7,1
LF:5
LH:5
BRF:0
BRH:0
end_of_record
TN:
SF:src/components/profile/PasswordFrom.tsx
FN:10,(anonymous_0)
FN:18,(anonymous_1)
FNF:2
FNH:1
FNDA:1,(anonymous_0)
FNDA:0,(anonymous_1)
DA:2,2
DA:3,2
DA:4,2
DA:5,2
DA:6,2
DA:8,2
DA:10,2
DA:12,1
DA:19,0
DA:20,0
DA:24,1
LF:11
LH:9
BRDA:38,0,0,1
BRDA:38,0,1,0
BRDA:39,1,0,1
BRDA:39,1,1,0
BRDA:53,2,0,1
BRDA:53,2,1,0
BRDA:54,3,0,1
BRDA:54,3,1,0
BRF:8
BRH:4
end_of_record
TN:
SF:src/components/profile/Profile.tsx
FN:8,(anonymous_0)
FN:13,(anonymous_1)
FN:19,(anonymous_2)
FN:25,(anonymous_3)
FNF:4
FNH:0
FNDA:0,(anonymous_0)
FNDA:0,(anonymous_1)
FNDA:0,(anonymous_2)
FNDA:0,(anonymous_3)
DA:1,1
DA:2,1
DA:3,1
DA:4,1
DA:5,1
DA:6,1
DA:8,1
DA:9,0
DA:10,0
DA:11,0
DA:13,0
DA:14,0
DA:15,0
DA:16,0
DA:19,0
DA:20,0
DA:21,0
DA:22,0
DA:25,0
DA:26,0
DA:27,0
DA:28,0
DA:31,0
LF:23
LH:7
BRDA:42,0,0,0
BRDA:42,0,1,0
BRDA:46,1,0,0
BRDA:46,1,1,0
BRDA:46,1,2,0
BRDA:51,2,0,0
BRDA:51,2,1,0
BRDA:64,3,0,0
BRDA:64,3,1,0
BRF:9
BRH:0
end_of_record
TN:
SF:src/components/profile/ProfileAvatar.tsx
FN:9,ProfileAvatar
FN:11,(anonymous_1)
FN:14,(anonymous_2)
FN:17,(anonymous_3)
FNF:4
FNH:1
FNDA:1,ProfileAvatar
FNDA:0,(anonymous_1)
FNDA:0,(anonymous_2)
FNDA:0,(anonymous_3)
DA:1,2
DA:2,2
DA:3,2
DA:4,2
DA:5,2
DA:7,2
DA:9,2
DA:10,1
DA:11,1
DA:14,1
DA:15,0
DA:17,1
DA:18,0
DA:21,1
LF:14
LH:12
BRDA:27,0,0,1
BRDA:27,0,1,1
BRDA:28,1,0,1
BRDA:28,1,1,0
BRF:4
BRH:3
end_of_record
TN:
SF:src/components/profile/ProfileAvatarDialog.tsx
FN:13,ProfileAvatarDialog
FN:17,(anonymous_1)
FN:28,(anonymous_2)
FN:32,(anonymous_3)
FN:63,(anonymous_4)
FNF:5
FNH:1
FNDA:2,ProfileAvatarDialog
FNDA:0,(anonymous_1)
FNDA:0,(anonymous_2)
FNDA:0,(anonymous_3)
FNDA:0,(anonymous_4)
DA:1,3
DA:2,3
DA:3,3
DA:4,3
DA:5,3
DA:6,3
DA:7,3
DA:8,3
DA:9,3
DA:10,3
DA:11,3
DA:13,3
DA:14,2
DA:15,2
DA:17,2
DA:18,0
DA:19,0
DA:20,0
DA:21,0
DA:22,0
DA:23,0
DA:24,0
DA:28,2
DA:29,0
DA:32,2
DA:33,0
DA:36,2
DA:63,0
LF:28
LH:18
BRDA:20,0,0,0
BRDA:20,1,0,0
BRDA:20,1,1,0
BRDA:39,2,0,2
BRDA:39,2,1,0
BRF:5
BRH:1
end_of_record
TN:
SF:src/components/profile/ProfileForm.tsx
FN:11,(anonymous_0)
FN:12,(anonymous_1)
FN:15,(anonymous_2)
FN:30,(anonymous_3)
FNF:4
FNH:1
FNDA:1,(anonymous_0)
FNDA:0,(anonymous_1)
FNDA:0,(anonymous_2)
FNDA:0,(anonymous_3)
DA:2,2
DA:3,2
DA:4,2
DA:5,2
DA:6,2
DA:7,2
DA:8,2
DA:11,2
DA:12,1
DA:13,1
DA:15,1
DA:16,0
DA:19,1
DA:31,0
DA:32,0
DA:36,1
LF:16
LH:13
BRDA:21,0,0,1
BRDA:21,0,1,1
BRDA:22,1,0,1
BRDA:22,1,1,1
BRDA:23,2,0,1
BRDA:23,2,1,1
BRDA:24,3,0,1
BRDA:24,3,1,1
BRDA:25,4,0,1
BRDA:25,4,1,1
BRDA:26,5,0,1
BRDA:26,5,1,1
BRDA:50,6,0,1
BRDA:50,6,1,0
BRDA:51,7,0,1
BRDA:51,7,1,0
BRDA:65,8,0,1
BRDA:65,8,1,0
BRDA:66,9,0,1
BRDA:66,9,1,0
BRDA:81,10,0,1
BRDA:81,10,1,0
BRDA:82,11,0,1
BRDA:82,11,1,0
BRDA:97,12,0,1
BRDA:97,12,1,0
BRDA:98,13,0,1
BRDA:98,13,1,0
BRDA:112,14,0,1
BRDA:112,14,1,0
BRDA:113,15,0,1
BRDA:113,15,1,0
BRDA:127,16,0,1
BRDA:127,16,1,0
BRDA:128,17,0,1
BRDA:128,17,1,0
BRDA:131,18,0,1
BRDA:131,18,1,0
BRF:38
BRH:25
end_of_record
TN:
SF:src/components/profile/validation.ts
FNF:0
FNH:0
DA:1,3
DA:3,3
DA:33,3
LF:3
LH:3
BRF:0
BRH:0
end_of_record
TN:
SF:src/components/signIn/SignInForm.tsx
FN:13,SignInForm
FN:21,(anonymous_1)
FNF:2
FNH:0
FNDA:0,SignInForm
FNDA:0,(anonymous_1)
DA:2,1
DA:3,1
DA:4,1
DA:5,1
DA:6,1
DA:13,1
DA:14,0
DA:15,0
DA:22,0
DA:26,0
LF:10
LH:6
BRDA:38,0,0,0
BRDA:38,0,1,0
BRDA:39,1,0,0
BRDA:39,1,1,0
BRDA:51,2,0,0
BRDA:51,2,1,0
BRDA:52,3,0,0
BRDA:52,3,1,0
BRDA:54,4,0,0
BRDA:54,4,1,0
BRF:10
BRH:0
end_of_record
TN:
SF:src/components/signIn/index.ts
FN:1,(anonymous_0)
FNF:1
FNH:0
FNDA:0,(anonymous_0)
DA:1,1
LF:1
LH:1
BRF:0
BRH:0
end_of_record
TN:
SF:src/components/signIn/validation.ts
FNF:0
FNH:0
DA:1,1
DA:3,1
LF:2
LH:2
BRF:0
BRH:0
end_of_record
TN:
SF:src/components/signUp/SignUpForm.tsx
FN:24,SignUpForm
FN:37,(anonymous_1)
FNF:2
FNH:0
FNDA:0,SignUpForm
FNDA:0,(anonymous_1)
DA:2,1
DA:3,1
DA:4,1
DA:5,1
DA:6,1
DA:7,1
DA:8,1
DA:19,1
DA:24,1
DA:25,0
DA:26,0
DA:38,0
DA:42,0
LF:13
LH:9
BRDA:54,0,0,0
BRDA:54,0,1,0
BRDA:55,1,0,0
BRDA:55,1,1,0
BRDA:65,2,0,0
BRDA:65,2,1,0
BRDA:66,3,0,0
BRDA:66,3,1,0
BRDA:76,4,0,0
BRDA:76,4,1,0
BRDA:77,5,0,0
BRDA:77,5,1,0
BRDA:87,6,0,0
BRDA:87,6,1,0
BRDA:88,7,0,0
BRDA:88,7,1,0
BRDA:99,8,0,0
BRDA:99,8,1,0
BRDA:100,9,0,0
BRDA:100,9,1,0
BRDA:110,10,0,0
BRDA:110,10,1,0
BRDA:111,11,0,0
BRDA:111,11,1,0
BRDA:122,12,0,0
BRDA:122,12,1,0
BRDA:126,13,0,0
BRDA:126,13,1,0
BRDA:129,14,0,0
BRDA:129,14,1,0
BRF:30
BRH:0
end_of_record
TN:
SF:src/components/signUp/constants.ts
FNF:0
FNH:0
DA:1,1
LF:1
LH:1
BRF:0
BRH:0
end_of_record
TN:
SF:src/components/signUp/index.ts
FN:1,(anonymous_0)
FNF:1
FNH:0
FNDA:0,(anonymous_0)
DA:1,1
LF:1
LH:1
BRF:0
BRH:0
end_of_record
TN:
SF:src/components/signUp/validation.ts
FNF:0
FNH:0
DA:1,1
DA:2,1
DA:4,1
LF:3
LH:3
BRF:0
BRH:0
end_of_record
TN:
SF:src/constants/index.ts
FNF:0
FNH:0
DA:1,1
DA:2,1
LF:2
LH:2
BRF:0
BRH:0
end_of_record
TN:
SF:src/constants/resources.ts
FNF:0
FNH:0
DA:1,1
LF:1
LH:1
BRF:0
BRH:0
end_of_record
TN:
SF:src/constants/routes.ts
FNF:0
FNH:0
DA:1,1
LF:1
LH:1
BRF:0
BRH:0
end_of_record
TN:
SF:src/context/AuthContext.tsx
FN:29,(anonymous_0)
FN:40,(anonymous_1)
FN:50,(anonymous_2)
FN:61,(anonymous_3)
FN:72,(anonymous_4)
FN:95,(anonymous_5)
FNF:6
FNH:2
FNDA:1,(anonymous_0)
FNDA:0,(anonymous_1)
FNDA:0,(anonymous_2)
FNDA:0,(anonymous_3)
FNDA:0,(anonymous_4)
FNDA:1,(anonymous_5)
DA:1,1
DA:3,1
DA:4,1
DA:5,1
DA:27,1
DA:29,1
DA:30,1
DA:37,1
DA:41,0
DA:49,1
DA:51,0
DA:52,0
DA:60,1
DA:62,0
DA:63,0
DA:71,1
DA:73,0
DA:77,1
DA:92,1
DA:95,1
LF:20
LH:14
BRDA:79,0,0,1
BRDA:79,0,1,0
BRF:2
BRH:1
end_of_record
TN:
SF:src/hooks/redux.ts
FN:6,(anonymous_0)
FN:8,(anonymous_1)
FNF:2
FNH:2
FNDA:1,(anonymous_0)
FNDA:1,(anonymous_1)
DA:1,4
DA:3,4
DA:4,4
DA:6,4
DA:7,4
DA:8,4
LF:6
LH:6
BRF:0
BRH:0
end_of_record
TN:
SF:src/hooks/useRouteMatch.ts
FN:3,useRouteMatch
FNF:1
FNH:0
FNDA:0,useRouteMatch
DA:1,1
DA:3,1
DA:4,0
DA:6,0
DA:7,0
DA:8,0
DA:9,0
DA:10,0
DA:14,0
LF:9
LH:2
BRDA:9,0,0,0
BRF:1
BRH:0
end_of_record
TN:
SF:src/layouts/GeneralLayout.tsx
FN:17,(anonymous_0)
FNF:1
FNH:1
FNDA:1,(anonymous_0)
DA:2,1
DA:11,1
DA:12,1
DA:13,1
DA:14,1
DA:15,1
DA:17,1
DA:18,1
DA:19,1
LF:9
LH:9
BRDA:33,0,0,0
BRDA:33,0,1,1
BRF:2
BRH:1
end_of_record
TN:
SF:src/layouts/LoginLayout.tsx
FN:5,LoginLayout
FNF:1
FNH:0
FNDA:0,LoginLayout
DA:2,1
DA:3,1
DA:5,1
DA:6,0
LF:4
LH:3
BRF:0
BRH:0
end_of_record
TN:
SF:src/layouts/index.ts
FN:1,(anonymous_0)
FN:2,(anonymous_1)
FNF:2
FNH:1
FNDA:1,(anonymous_0)
FNDA:0,(anonymous_1)
DA:1,2
DA:2,1
LF:2
LH:2
BRF:0
BRH:0
end_of_record
TN:
SF:src/pages/GamePage.tsx
FN:6,(anonymous_0)
FNF:1
FNH:0
FNDA:0,(anonymous_0)
DA:3,1
DA:4,1
DA:6,1
DA:7,0
LF:4
LH:3
BRF:0
BRH:0
end_of_record
TN:
SF:src/pages/LeaderBoardPage.tsx
FN:20,(anonymous_0)
FN:40,(anonymous_1)
FNF:2
FNH:0
FNDA:0,(anonymous_0)
FNDA:0,(anonymous_1)
DA:2,1
DA:11,1
DA:14,1
DA:20,1
DA:21,0
DA:41,0
LF:6
LH:4
BRF:0
BRH:0
end_of_record
TN:
SF:src/pages/NotFoundPage.tsx
FN:3,NotFoundPage
FNF:1
FNH:0
FNDA:0,NotFoundPage
DA:1,1
DA:3,1
DA:4,0
LF:3
LH:2
BRF:0
BRH:0
end_of_record
TN:
SF:src/pages/ProfilePage.tsx
FN:6,(anonymous_0)
FNF:1
FNH:0
FNDA:0,(anonymous_0)
DA:2,1
DA:3,1
DA:4,1
DA:6,1
DA:7,0
LF:5
LH:4
BRF:0
BRH:0
end_of_record
TN:
SF:src/pages/RootPage.tsx
FN:4,(anonymous_0)
FNF:1
FNH:1
FNDA:1,(anonymous_0)
DA:1,1
DA:2,1
DA:4,1
DA:5,1
LF:4
LH:4
BRF:0
BRH:0
end_of_record
TN:
SF:src/pages/SignInPage.tsx
FN:8,SignInPage
FNF:1
FNH:0
FNDA:0,SignInPage
DA:2,1
DA:3,1
DA:4,1
DA:5,1
DA:6,1
DA:8,1
DA:9,0
LF:7
LH:6
BRF:0
BRH:0
end_of_record
TN:
SF:src/pages/SignUpPage.tsx
FN:8,SignUpPage
FNF:1
FNH:0
FNDA:0,SignUpPage
DA:2,1
DA:3,1
DA:4,1
DA:5,1
DA:6,1
DA:8,1
DA:9,0
LF:7
LH:6
BRF:0
BRH:0
end_of_record
TN:
SF:src/pages/index.ts
FN:1,(anonymous_0)
FN:2,(anonymous_1)
FN:3,(anonymous_2)
FN:4,(anonymous_3)
FN:5,(anonymous_4)
FN:6,(anonymous_5)
FN:7,(anonymous_6)
FNF:7
FNH:7
FNDA:1,(anonymous_0)
FNDA:1,(anonymous_1)
FNDA:1,(anonymous_2)
FNDA:1,(anonymous_3)
FNDA:1,(anonymous_4)
FNDA:1,(anonymous_5)
FNDA:1,(anonymous_6)
DA:1,2
DA:2,2
DA:3,2
DA:4,2
DA:5,2
DA:6,2
DA:7,2
LF:7
LH:7
BRF:0
BRH:0
end_of_record
TN:
SF:src/store/constants.ts
FNF:0
FNH:0
DA:3,6
LF:1
LH:1
BRF:0
BRH:0
end_of_record
TN:
SF:src/store/index.ts
FN:4,(anonymous_0)
FNF:1
FNH:1
FNDA:1,(anonymous_0)
DA:1,1
DA:2,1
DA:4,1
DA:5,1
LF:4
LH:4
BRF:0
BRH:0
end_of_record
TN:
SF:src/store/actions/changeUserProfileAction.ts
FN:9,(anonymous_0)
FNF:1
FNH:1
FNDA:2,(anonymous_0)
DA:1,8
DA:3,8
DA:5,8
DA:10,2
DA:11,2
DA:12,2
DA:14,1
LF:7
LH:7
BRF:0
BRH:0
end_of_record
TN:
SF:src/store/actions/index.ts
FNF:0
FNH:0
DA:1,8
DA:2,8
DA:4,8
LF:3
LH:3
BRF:0
BRH:0
end_of_record
TN:
SF:src/store/actions/userAction.ts
FN:9,(anonymous_0)
FNF:1
FNH:1
FNDA:2,(anonymous_0)
DA:1,8
DA:2,8
DA:5,8
DA:10,2
DA:11,2
DA:12,2
DA:14,1
LF:7
LH:7
BRF:0
BRH:0
end_of_record
TN:
SF:src/store/reducers/changeUserProfileSlice.ts
FN:9,(anonymous_0)
FN:11,(anonymous_1)
FN:16,(anonymous_2)
FN:21,(anonymous_3)
FNF:4
FNH:4
FNDA:2,(anonymous_0)
FNDA:1,(anonymous_1)
FNDA:1,(anonymous_2)
FNDA:1,(anonymous_3)
DA:1,2
DA:2,2
DA:3,2
DA:5,2
DA:10,2
DA:12,1
DA:13,1
DA:14,1
DA:17,1
DA:18,1
DA:19,1
DA:22,1
DA:23,1
DA:24,1
DA:29,2
LF:15
LH:15
BRF:0
BRH:0
end_of_record
TN:
SF:src/store/reducers/index.ts
FNF:0
FNH:0
DA:1,1
DA:2,1
DA:3,1
DA:6,1
LF:4
LH:4
BRF:0
BRH:0
end_of_record
TN:
SF:src/store/reducers/userSlice.ts
FN:9,(anonymous_0)
FN:11,(anonymous_1)
FN:16,(anonymous_2)
FN:21,(anonymous_3)
FNF:4
FNH:4
FNDA:2,(anonymous_0)
FNDA:1,(anonymous_1)
FNDA:1,(anonymous_2)
FNDA:1,(anonymous_3)
DA:1,2
DA:2,2
DA:3,2
DA:5,2
DA:10,2
DA:12,1
DA:13,1
DA:14,1
DA:17,1
DA:18,1
DA:19,1
DA:22,1
DA:23,1
DA:24,1
DA:29,2
LF:15
LH:15
BRF:0
BRH:0
end_of_record
